#
# A fatal error has been detected by the Java Runtime Environment:
#
#  EXCEPTION_ACCESS_VIOLATION (0xc0000005) at pc=0x00000000655b5269, pid=17380, tid=0x0000000000004878
#
# JRE version: OpenJDK Runtime Environment (8.0_422-b05) (build 1.8.0_422-422-b05)
# Java VM: OpenJDK 64-Bit Server VM (25.422-b05 mixed mode windows-amd64 compressed oops)
# Problematic frame:
# V  [jvm.dll+0x135269]
#
# Failed to write core dump. Minidumps are not enabled by default on client versions of Windows
#
# If you would like to submit a bug report, please visit:
#   http://bugreport.java.com/bugreport/crash.jsp
#

---------------  T H R E A D  ---------------

Current thread (0x0000020fdc4ce800):  JavaThread "JavaFX Application Thread" [_thread_in_vm, id=18552, stack(0x000000df9bd00000,0x000000df9be00000)]

siginfo: ExceptionCode=0xc0000005, reading address 0x0000000000000000

Registers:
RAX=0x0000000000000000, RBX=0x0000020fdc4ce800, RCX=0x0000020fdc4ce800, RDX=0x0000020fbef9cdd0
RSP=0x000000df9bdf6d50, RBP=0x000000df9bdf6e48, RSI=0x0000000000000000, RDI=0x0000020fdc4cea60
R8 =0x0000000000000000, R9 =0x000000df9bdf6e48, R10=0x00000000655b51a0, R11=0x0000000000000020
R12=0x0000020fe7e8a4b0, R13=0x0000020fe7e8a510, R14=0x0000000000000000, R15=0x0000020fdc4cea60
RIP=0x00000000655b5269, EFLAGS=0x0000000000010246

Top of Stack: (sp=0x000000df9bdf6d50)
0x000000df9bdf6d50:   0000020fdc4ce800 0000000000000000
0x000000df9bdf6d60:   0000000000000020 0000000000000020
0x000000df9bdf6d70:   0000020fe7e8a4b0 0000000000000000
0x000000df9bdf6d80:   0000020fe7e8a510 0000020fe7e8a4b0
0x000000df9bdf6d90:   0000000000000020 000000df9bdf6e88
0x000000df9bdf6da0:   0000020fdc4ce800 0000020fdc46ba98
0x000000df9bdf6db0:   0000020f00000631 0000000065a7d5d0
0x000000df9bdf6dc0:   0000020fe80dfc90 0000000065a7d5d0
0x000000df9bdf6dd0:   0000000000000000 00007ff85988c23f
0x000000df9bdf6de0:   0000020fe80dfc90 0000020f00000000
0x000000df9bdf6df0:   0000000000000000 00007ff85798fe30
0x000000df9bdf6e00:   0000020fdcb8dcf8 000000df9bdf6f30
0x000000df9bdf6e10:   0000020fdcb8dd10 0000020fdcb8dd18
0x000000df9bdf6e20:   000000df9bdf6f30 00007ff857bb802b
0x000000df9bdf6e30:   0000020fe74753b0 0000020fdcb8dcf8
0x000000df9bdf6e40:   0000000000000000 0000020fdcb8dcf8 

Instructions: (pc=0x00000000655b5269)
0x00000000655b5249:   00 00 06 00 00 00 48 89 5c 24 50 4c 89 74 24 58
0x00000000655b5259:   4c 39 73 08 74 0a 48 8d 4c 24 50 e8 b7 e4 12 00
0x00000000655b5269:   48 8b 06 48 8d 4c 24 70 c7 44 24 40 0c 00 00 00
0x00000000655b5279:   48 8b 50 08 0f b7 42 24 48 8b 52 08 48 8b 54 c2 


Register to memory mapping:

RAX=0x0000000000000000 is an unknown value
RBX=0x0000020fdc4ce800 is a thread
RCX=0x0000020fdc4ce800 is a thread
RDX=0x0000020fbef9cdd0 is a global jni handle
RSP=0x000000df9bdf6d50 is pointing into the stack for thread: 0x0000020fdc4ce800
RBP=0x000000df9bdf6e48 is pointing into the stack for thread: 0x0000020fdc4ce800
RSI=0x0000000000000000 is an unknown value
RDI=0x0000020fdc4cea60 is an unknown value
R8 =0x0000000000000000 is an unknown value
R9 =0x000000df9bdf6e48 is pointing into the stack for thread: 0x0000020fdc4ce800
R10=0x00000000655b51a0 is an unknown value
R11=0x0000000000000020 is an unknown value
R12=0x0000020fe7e8a4b0 is an unknown value
R13=0x0000020fe7e8a510 is an unknown value
R14=0x0000000000000000 is an unknown value
R15=0x0000020fdc4cea60 is an unknown value


Stack: [0x000000df9bd00000,0x000000df9be00000],  sp=0x000000df9bdf6d50,  free space=987k
Native frames: (J=compiled Java code, j=interpreted, Vv=VM code, C=native code)
V  [jvm.dll+0x135269]
C  [jfxwebkit.dll+0xafe30]
C  [jfxwebkit.dll+0x2d802b]
C  [jfxwebkit.dll+0x2d8317]
C  [jfxwebkit.dll+0x2da810]
C  [jfxwebkit.dll+0x3a0327]
C  [jfxwebkit.dll+0x45e235]
C  [jfxwebkit.dll+0x2b719]
C  [jfxwebkit.dll+0x2b4d3]
C  [jfxwebkit.dll+0x2a0b6]
C  [jfxwebkit.dll+0x44dc3a]
C  [jfxwebkit.dll+0x44e1b8]
C  [jfxwebkit.dll+0x44e0e6]
C  [jfxwebkit.dll+0x44db0a]
C  [jfxwebkit.dll+0x460339]
C  [jfxwebkit.dll+0x44bbf4]
C  [jfxwebkit.dll+0x461094]
C  [jfxwebkit.dll+0x456a30]
C  [jfxwebkit.dll+0x450122]
C  [jfxwebkit.dll+0x2ab3a]
C  [jfxwebkit.dll+0xbf462a]
C  [jfxwebkit.dll+0xbfc36d]
C  [jfxwebkit.dll+0xbfabb6]
C  [jfxwebkit.dll+0x30ef3a]
C  [jfxwebkit.dll+0x306a83]
C  [jfxwebkit.dll+0x31afbe]
C  [jfxwebkit.dll+0x317bc6]
C  [jfxwebkit.dll+0x3b2e93]
C  [jfxwebkit.dll+0x3b68c3]
C  [jfxwebkit.dll+0x3b314a]
C  [jfxwebkit.dll+0x465d76]
C  [jfxwebkit.dll+0x468a8b]
C  [jfxwebkit.dll+0xb83a7]
C  [jfxwebkit.dll+0x469e24]
C  [jfxwebkit.dll+0x3c30e1]
C  [jfxwebkit.dll+0x3be748]
C  [jfxwebkit.dll+0x3beb28]
C  [jfxwebkit.dll+0xc62de]
C  0x0000020fc0c99c8e

Java frames: (J=compiled Java code, j=interpreted, Vv=VM code)
j  com.sun.webkit.WebPage.twkOpen(JLjava/lang/String;)V+0
j  com.sun.webkit.WebPage.open(JLjava/lang/String;)V+106
j  javafx.scene.web.WebEngine.load(Ljava/lang/String;)V+96
j  PDFView.PDFViewController.openPDF()V+60
j  Main_Interface.Main_Interface_Controller.LoadPdfController(Ljavafx/event/ActionEvent;)V+62
v  ~StubRoutines::call_stub
j  sun.reflect.NativeMethodAccessorImpl.invoke0(Ljava/lang/reflect/Method;Ljava/lang/Object;[Ljava/lang/Object;)Ljava/lang/Object;+0
J 2007 C1 sun.reflect.NativeMethodAccessorImpl.invoke(Ljava/lang/Object;[Ljava/lang/Object;)Ljava/lang/Object; (104 bytes) @ 0x0000020fc127737c [0x0000020fc1276180+0x11fc]
J 1167 C1 sun.reflect.DelegatingMethodAccessorImpl.invoke(Ljava/lang/Object;[Ljava/lang/Object;)Ljava/lang/Object; (10 bytes) @ 0x0000020fc108d84c [0x0000020fc108d740+0x10c]
J 1166 C1 java.lang.reflect.Method.invoke(Ljava/lang/Object;[Ljava/lang/Object;)Ljava/lang/Object; (62 bytes) @ 0x0000020fc108e034 [0x0000020fc108dc40+0x3f4]
j  sun.reflect.misc.Trampoline.invoke(Ljava/lang/reflect/Method;Ljava/lang/Object;[Ljava/lang/Object;)Ljava/lang/Object;+7
j  sun.reflect.GeneratedMethodAccessor1.invoke(Ljava/lang/Object;[Ljava/lang/Object;)Ljava/lang/Object;+40
J 1167 C1 sun.reflect.DelegatingMethodAccessorImpl.invoke(Ljava/lang/Object;[Ljava/lang/Object;)Ljava/lang/Object; (10 bytes) @ 0x0000020fc108d84c [0x0000020fc108d740+0x10c]
J 1166 C1 java.lang.reflect.Method.invoke(Ljava/lang/Object;[Ljava/lang/Object;)Ljava/lang/Object; (62 bytes) @ 0x0000020fc108e034 [0x0000020fc108dc40+0x3f4]
j  sun.reflect.misc.MethodUtil.invoke(Ljava/lang/reflect/Method;Ljava/lang/Object;[Ljava/lang/Object;)Ljava/lang/Object;+20
j  javafx.fxml.FXMLLoader$MethodHandler.invoke([Ljava/lang/Object;)V+19
j  javafx.fxml.FXMLLoader$ControllerMethodEventHandler.handle(Ljavafx/event/Event;)V+12
j  com.sun.javafx.event.CompositeEventHandler.dispatchBubblingEvent(Ljavafx/event/Event;)V+51
J 1777 C1 com.sun.javafx.event.EventHandlerManager.dispatchBubblingEvent(Ljavafx/event/Event;)Ljavafx/event/Event; (23 bytes) @ 0x0000020fc11d9264 [0x0000020fc11d8be0+0x684]
J 1776 C1 com.sun.javafx.event.CompositeEventDispatcher.dispatchBubblingEvent(Ljavafx/event/Event;)Ljavafx/event/Event; (35 bytes) @ 0x0000020fc11d9bdc [0x0000020fc11d9a20+0x1bc]
J 1545 C1 com.sun.javafx.event.BasicEventDispatcher.dispatchEvent(Ljavafx/event/Event;Ljavafx/event/EventDispatchChain;)Ljavafx/event/Event; (44 bytes) @ 0x0000020fc114637c [0x0000020fc1146040+0x33c]
J 1475 C1 com.sun.javafx.event.EventDispatchChainImpl.dispatchEvent(Ljavafx/event/Event;)Ljavafx/event/Event; (101 bytes) @ 0x0000020fc11298fc [0x0000020fc1129740+0x1bc]
J 1545 C1 com.sun.javafx.event.BasicEventDispatcher.dispatchEvent(Ljavafx/event/Event;Ljavafx/event/EventDispatchChain;)Ljavafx/event/Event; (44 bytes) @ 0x0000020fc1146294 [0x0000020fc1146040+0x254]
J 1475 C1 com.sun.javafx.event.EventDispatchChainImpl.dispatchEvent(Ljavafx/event/Event;)Ljavafx/event/Event; (101 bytes) @ 0x0000020fc11298fc [0x0000020fc1129740+0x1bc]
J 1545 C1 com.sun.javafx.event.BasicEventDispatcher.dispatchEvent(Ljavafx/event/Event;Ljavafx/event/EventDispatchChain;)Ljavafx/event/Event; (44 bytes) @ 0x0000020fc1146294 [0x0000020fc1146040+0x254]
J 1475 C1 com.sun.javafx.event.EventDispatchChainImpl.dispatchEvent(Ljavafx/event/Event;)Ljavafx/event/Event; (101 bytes) @ 0x0000020fc11298fc [0x0000020fc1129740+0x1bc]
J 2706 C1 com.sun.javafx.event.EventUtil.fireEvent(Ljavafx/event/EventTarget;Ljavafx/event/Event;)Ljavafx/event/Event; (81 bytes) @ 0x0000020fc14cc7ec [0x0000020fc14cbc20+0xbcc]
j  javafx.event.Event.fireEvent(Ljavafx/event/EventTarget;Ljavafx/event/Event;)V+30
j  javafx.scene.Node.fireEvent(Ljavafx/event/Event;)V+86
j  javafx.scene.control.Button.fire()V+15
j  com.sun.javafx.scene.control.behavior.ButtonBehavior.mouseReleased(Ljavafx/scene/input/MouseEvent;)V+23
j  com.sun.javafx.scene.control.skin.BehaviorSkinBase$1.handle(Ljavafx/scene/input/MouseEvent;)V+83
j  com.sun.javafx.scene.control.skin.BehaviorSkinBase$1.handle(Ljavafx/event/Event;)V+5
j  com.sun.javafx.event.CompositeEventHandler$NormalEventHandlerRecord.handleBubblingEvent(Ljavafx/event/Event;)V+5
j  com.sun.javafx.event.CompositeEventHandler.dispatchBubblingEvent(Ljavafx/event/Event;)V+28
J 1777 C1 com.sun.javafx.event.EventHandlerManager.dispatchBubblingEvent(Ljavafx/event/Event;)Ljavafx/event/Event; (23 bytes) @ 0x0000020fc11d9264 [0x0000020fc11d8be0+0x684]
J 1776 C1 com.sun.javafx.event.CompositeEventDispatcher.dispatchBubblingEvent(Ljavafx/event/Event;)Ljavafx/event/Event; (35 bytes) @ 0x0000020fc11d9bdc [0x0000020fc11d9a20+0x1bc]
J 1545 C1 com.sun.javafx.event.BasicEventDispatcher.dispatchEvent(Ljavafx/event/Event;Ljavafx/event/EventDispatchChain;)Ljavafx/event/Event; (44 bytes) @ 0x0000020fc114637c [0x0000020fc1146040+0x33c]
J 1475 C1 com.sun.javafx.event.EventDispatchChainImpl.dispatchEvent(Ljavafx/event/Event;)Ljavafx/event/Event; (101 bytes) @ 0x0000020fc11298fc [0x0000020fc1129740+0x1bc]
J 1545 C1 com.sun.javafx.event.BasicEventDispatcher.dispatchEvent(Ljavafx/event/Event;Ljavafx/event/EventDispatchChain;)Ljavafx/event/Event; (44 bytes) @ 0x0000020fc1146294 [0x0000020fc1146040+0x254]
J 1475 C1 com.sun.javafx.event.EventDispatchChainImpl.dispatchEvent(Ljavafx/event/Event;)Ljavafx/event/Event; (101 bytes) @ 0x0000020fc11298fc [0x0000020fc1129740+0x1bc]
J 1545 C1 com.sun.javafx.event.BasicEventDispatcher.dispatchEvent(Ljavafx/event/Event;Ljavafx/event/EventDispatchChain;)Ljavafx/event/Event; (44 bytes) @ 0x0000020fc1146294 [0x0000020fc1146040+0x254]
J 1475 C1 com.sun.javafx.event.EventDispatchChainImpl.dispatchEvent(Ljavafx/event/Event;)Ljavafx/event/Event; (101 bytes) @ 0x0000020fc11298fc [0x0000020fc1129740+0x1bc]
J 2706 C1 com.sun.javafx.event.EventUtil.fireEvent(Ljavafx/event/EventTarget;Ljavafx/event/Event;)Ljavafx/event/Event; (81 bytes) @ 0x0000020fc14cc354 [0x0000020fc14cbc20+0x734]
J 2297 C1 javafx.scene.Scene$MouseHandler.process(Ljavafx/scene/input/MouseEvent;Z)V (735 bytes) @ 0x0000020fc136885c [0x0000020fc1365d20+0x2b3c]
J 2296 C1 javafx.scene.Scene$MouseHandler.access$1500(Ljavafx/scene/Scene$MouseHandler;Ljavafx/scene/input/MouseEvent;Z)V (7 bytes) @ 0x0000020fc136369c [0x0000020fc1363640+0x5c]
j  javafx.scene.Scene.impl_processMouseEvent(Ljavafx/scene/input/MouseEvent;)V+6
j  javafx.scene.Scene$ScenePeerListener.mouseEvent(Ljavafx/event/EventType;DDDDLjavafx/scene/input/MouseButton;ZZZZZZZZZ)V+46
j  com.sun.javafx.tk.quantum.GlassViewEventHandler$MouseEventNotification.run()Ljava/lang/Void;+571
j  com.sun.javafx.tk.quantum.GlassViewEventHandler$MouseEventNotification.run()Ljava/lang/Object;+1
v  ~StubRoutines::call_stub
J 1449  java.security.AccessController.doPrivileged(Ljava/security/PrivilegedAction;Ljava/security/AccessControlContext;)Ljava/lang/Object; (0 bytes) @ 0x0000020fc111cde6 [0x0000020fc111cd80+0x66]
j  com.sun.javafx.tk.quantum.GlassViewEventHandler.lambda$handleMouseEvent$2()Ljava/lang/Void;+11
j  com.sun.javafx.tk.quantum.GlassViewEventHandler$$Lambda$201.get()Ljava/lang/Object;+4
J 2307 C1 com.sun.javafx.tk.quantum.QuantumToolkit.runWithoutRenderLock(Ljava/util/function/Supplier;)Ljava/lang/Object; (49 bytes) @ 0x0000020fc13729e4 [0x0000020fc13724a0+0x544]
j  com.sun.javafx.tk.quantum.GlassViewEventHandler.handleMouseEvent(Lcom/sun/glass/ui/View;JIIIIIIIZZ)V+103
J 2322 C1 com.sun.glass.ui.View.notifyMouse(IIIIIIIZZ)V (221 bytes) @ 0x0000020fc137bd1c [0x0000020fc137ac20+0x10fc]
v  ~StubRoutines::call_stub
j  com.sun.glass.ui.win.WinApplication._runLoop(Ljava/lang/Runnable;)V+0
j  com.sun.glass.ui.win.WinApplication.lambda$null$3(ILjava/lang/Runnable;)V+8
j  com.sun.glass.ui.win.WinApplication$$Lambda$37.run()V+12
j  java.lang.Thread.run()V+11
v  ~StubRoutines::call_stub

---------------  P R O C E S S  ---------------

Java Threads: ( => current thread )
  0x0000020fdc4d4000 JavaThread "Disposer" daemon [_thread_blocked, id=16296, stack(0x000000df9c600000,0x000000df9c700000)]
  0x0000020fdc4d5800 JavaThread "Prism Font Disposer" daemon [_thread_blocked, id=26608, stack(0x000000df9c400000,0x000000df9c500000)]
  0x0000020fdc4d0000 JavaThread "Thread-3" daemon [_thread_in_native, id=23128, stack(0x000000df9bf00000,0x000000df9c000000)]
  0x0000020fdc4d2000 JavaThread "JavaFX-Launcher" [_thread_blocked, id=1660, stack(0x000000df9c000000,0x000000df9c100000)]
=>0x0000020fdc4ce800 JavaThread "JavaFX Application Thread" [_thread_in_vm, id=18552, stack(0x000000df9bd00000,0x000000df9be00000)]
  0x0000020fdc4cf000 JavaThread "Thread-1" daemon [_thread_blocked, id=24908, stack(0x000000df9bc00000,0x000000df9bd00000)]
  0x0000020fdc4d0800 JavaThread "QuantumRenderer-0" daemon [_thread_blocked, id=26696, stack(0x000000df9b700000,0x000000df9b800000)]
  0x0000020fdc17d000 JavaThread "Service Thread" daemon [_thread_blocked, id=26092, stack(0x000000df9b500000,0x000000df9b600000)]
  0x0000020fda985000 JavaThread "C1 CompilerThread3" daemon [_thread_blocked, id=18824, stack(0x000000df9b400000,0x000000df9b500000)]
  0x0000020fda982000 JavaThread "C2 CompilerThread2" daemon [_thread_blocked, id=20284, stack(0x000000df9b300000,0x000000df9b400000)]
  0x0000020fda97f000 JavaThread "C2 CompilerThread1" daemon [_thread_blocked, id=27380, stack(0x000000df9b200000,0x000000df9b300000)]
  0x0000020fda97d800 JavaThread "C2 CompilerThread0" daemon [_thread_blocked, id=27388, stack(0x000000df9b100000,0x000000df9b200000)]
  0x0000020fda969800 JavaThread "Attach Listener" daemon [_thread_blocked, id=26600, stack(0x000000df9b000000,0x000000df9b100000)]
  0x0000020fda96e800 JavaThread "Signal Dispatcher" daemon [_thread_blocked, id=23416, stack(0x000000df9af00000,0x000000df9b000000)]
  0x0000020fda945000 JavaThread "Finalizer" daemon [_thread_blocked, id=7724, stack(0x000000df9ae00000,0x000000df9af00000)]
  0x0000020fda93a000 JavaThread "Reference Handler" daemon [_thread_blocked, id=24988, stack(0x000000df9ad00000,0x000000df9ae00000)]
  0x0000020fbef98000 JavaThread "main" [_thread_blocked, id=15612, stack(0x000000df9a100000,0x000000df9a200000)]

Other Threads:
  0x0000020fda913000 VMThread [stack: 0x000000df9ac00000,0x000000df9ad00000] [id=21616]
  0x0000020fdc180000 WatcherThread [stack: 0x000000df9b600000,0x000000df9b700000] [id=25496]

VM state:not at safepoint (normal execution)

VM Mutex/Monitor currently owned by a thread: None

heap address: 0x00000006c4a00000, size: 4022 MB, Compressed Oops mode: Zero based, Oop shift amount: 3
Narrow klass base: 0x0000000000000000, Narrow klass shift: 3
Compressed class space size: 1073741824 Address: 0x00000007c0000000

Heap:
 PSYoungGen      total 75264K, used 2303K [0x000000076c380000, 0x0000000771780000, 0x00000007c0000000)
  eden space 64512K, 3% used [0x000000076c380000,0x000000076c5bff00,0x0000000770280000)
  from space 10752K, 0% used [0x0000000770280000,0x0000000770280000,0x0000000770d00000)
  to   space 10752K, 0% used [0x0000000770d00000,0x0000000770d00000,0x0000000771780000)
 ParOldGen       total 75264K, used 9417K [0x00000006c4a00000, 0x00000006c9380000, 0x000000076c380000)
  object space 75264K, 12% used [0x00000006c4a00000,0x00000006c5332510,0x00000006c9380000)
 Metaspace       used 20791K, capacity 21662K, committed 21760K, reserved 1069056K
  class space    used 2835K, capacity 3045K, committed 3072K, reserved 1048576K

Card table byte_map: [0x0000020fd0040000,0x0000020fd0820000] byte_map_base: 0x0000020fcca1b000

Marking Bits: (ParMarkBitMap*) 0x0000000065c9f8e0
 Begin Bits: [0x0000020fd0d60000, 0x0000020fd4c38000)
 End Bits:   [0x0000020fd4c38000, 0x0000020fd8b10000)

Polling page: 0x0000020fbf290000

CodeCache: size=245760Kb used=8979Kb max_used=8985Kb free=236780Kb
 bounds [0x0000020fc0c80000, 0x0000020fc1550000, 0x0000020fcfc80000]
 total_blobs=3597 nmethods=2907 adapters=602
 compilation: enabled

Compilation events (10 events):
Event: 20.021 Thread 0x0000020fda985000 nmethod 2899 0x0000020fc1544c10 code [0x0000020fc1544dc0, 0x0000020fc1545640]
Event: 20.021 Thread 0x0000020fda985000 2901   !   3       java.lang.ref.Finalizer::remove (94 bytes)
Event: 20.022 Thread 0x0000020fda985000 nmethod 2901 0x0000020fc15458d0 code [0x0000020fc1545a40, 0x0000020fc1545f58]
Event: 20.022 Thread 0x0000020fda985000 2903       3       java.util.zip.ZipFile$ZipFileInputStream::finalize (5 bytes)
Event: 20.022 Thread 0x0000020fda985000 nmethod 2903 0x0000020fc15460d0 code [0x0000020fc1546240, 0x0000020fc15463d0]
Event: 20.024 Thread 0x0000020fda97d800 nmethod 2905 0x0000020fc1549950 code [0x0000020fc1549ac0, 0x0000020fc154a3b8]
Event: 20.035 Thread 0x0000020fda985000 2907       3       java.util.logging.LogManager::getProperty (9 bytes)
Event: 20.035 Thread 0x0000020fda985000 nmethod 2907 0x0000020fc1547d10 code [0x0000020fc1547e80, 0x0000020fc15480b0]
Event: 20.035 Thread 0x0000020fda985000 2906       1       java.util.logging.LogManager::access$500 (5 bytes)
Event: 20.035 Thread 0x0000020fda985000 nmethod 2906 0x0000020fc1547a50 code [0x0000020fc1547ba0, 0x0000020fc1547c98]

GC Heap History (4 events):
Event: 19.988 GC heap before
{Heap before GC invocations=1 (full 0):
 PSYoungGen      total 75264K, used 62439K [0x000000076c380000, 0x0000000771780000, 0x00000007c0000000)
  eden space 64512K, 96% used [0x000000076c380000,0x0000000770079cb0,0x0000000770280000)
  from space 10752K, 0% used [0x0000000770d00000,0x0000000770d00000,0x0000000771780000)
  to   space 10752K, 0% used [0x0000000770280000,0x0000000770280000,0x0000000770d00000)
 ParOldGen       total 172032K, used 0K [0x00000006c4a00000, 0x00000006cf200000, 0x000000076c380000)
  object space 172032K, 0% used [0x00000006c4a00000,0x00000006c4a00000,0x00000006cf200000)
 Metaspace       used 20309K, capacity 21150K, committed 21248K, reserved 1067008K
  class space    used 2767K, capacity 2981K, committed 3072K, reserved 1048576K
Event: 19.994 GC heap after
Heap after GC invocations=1 (full 0):
 PSYoungGen      total 75264K, used 10724K [0x000000076c380000, 0x0000000771780000, 0x00000007c0000000)
  eden space 64512K, 0% used [0x000000076c380000,0x000000076c380000,0x0000000770280000)
  from space 10752K, 99% used [0x0000000770280000,0x0000000770cf9348,0x0000000770d00000)
  to   space 10752K, 0% used [0x0000000770d00000,0x0000000770d00000,0x0000000771780000)
 ParOldGen       total 172032K, used 847K [0x00000006c4a00000, 0x00000006cf200000, 0x000000076c380000)
  object space 172032K, 0% used [0x00000006c4a00000,0x00000006c4ad3d48,0x00000006cf200000)
 Metaspace       used 20309K, capacity 21150K, committed 21248K, reserved 1067008K
  class space    used 2767K, capacity 2981K, committed 3072K, reserved 1048576K
}
Event: 19.994 GC heap before
{Heap before GC invocations=2 (full 1):
 PSYoungGen      total 75264K, used 10724K [0x000000076c380000, 0x0000000771780000, 0x00000007c0000000)
  eden space 64512K, 0% used [0x000000076c380000,0x000000076c380000,0x0000000770280000)
  from space 10752K, 99% used [0x0000000770280000,0x0000000770cf9348,0x0000000770d00000)
  to   space 10752K, 0% used [0x0000000770d00000,0x0000000770d00000,0x0000000771780000)
 ParOldGen       total 172032K, used 847K [0x00000006c4a00000, 0x00000006cf200000, 0x000000076c380000)
  object space 172032K, 0% used [0x00000006c4a00000,0x00000006c4ad3d48,0x00000006cf200000)
 Metaspace       used 20309K, capacity 21150K, committed 21248K, reserved 1067008K
  class space    used 2767K, capacity 2981K, committed 3072K, reserved 1048576K
Event: 20.016 GC heap after
Heap after GC invocations=2 (full 1):
 PSYoungGen      total 75264K, used 0K [0x000000076c380000, 0x0000000771780000, 0x00000007c0000000)
  eden space 64512K, 0% used [0x000000076c380000,0x000000076c380000,0x0000000770280000)
  from space 10752K, 0% used [0x0000000770280000,0x0000000770280000,0x0000000770d00000)
  to   space 10752K, 0% used [0x0000000770d00000,0x0000000770d00000,0x0000000771780000)
 ParOldGen       total 75264K, used 9417K [0x00000006c4a00000, 0x00000006c9380000, 0x000000076c380000)
  object space 75264K, 12% used [0x00000006c4a00000,0x00000006c5332510,0x00000006c9380000)
 Metaspace       used 20309K, capacity 21150K, committed 21248K, reserved 1067008K
  class space    used 2767K, capacity 2981K, committed 3072K, reserved 1048576K
}

Deoptimization events (10 events):
Event: 10.225 Thread 0x0000020fdc4ce800 Uncommon trap: reason=array_check action=maybe_recompile pc=0x0000020fc12b0d84 method=com.sun.javafx.css.SimpleSelector.applies(Ljavafx/css/Styleable;[Ljava/util/Set;I)Z @ 37
Event: 10.240 Thread 0x0000020fdc4d0800 Uncommon trap: reason=unstable_if action=reinterpret pc=0x0000020fc12d2dc4 method=java.lang.Math.round(F)I @ 36
Event: 11.790 Thread 0x0000020fdc4d0800 Uncommon trap: reason=unstable_if action=reinterpret pc=0x0000020fc13bc37c method=java.lang.StrictMath.floorOrCeil(DDDD)D @ 14
Event: 12.128 Thread 0x0000020fdc4ce800 Uncommon trap: reason=unstable_if action=reinterpret pc=0x0000020fc14fe2fc method=java.util.ArrayList.indexOf(Ljava/lang/Object;)I @ 1
Event: 20.023 Thread 0x0000020fdc4ce800 Uncommon trap: reason=bimorphic action=maybe_recompile pc=0x0000020fc138084c method=java.lang.ThreadLocal.get()Ljava/lang/Object; @ 6
Event: 20.023 Thread 0x0000020fdc4ce800 Uncommon trap: reason=bimorphic action=maybe_recompile pc=0x0000020fc138084c method=java.lang.ThreadLocal.get()Ljava/lang/Object; @ 6
Event: 20.024 Thread 0x0000020fdc4ce800 Uncommon trap: reason=bimorphic action=maybe_recompile pc=0x0000020fc138084c method=java.lang.ThreadLocal.get()Ljava/lang/Object; @ 6
Event: 20.024 Thread 0x0000020fdc4ce800 Uncommon trap: reason=bimorphic action=maybe_recompile pc=0x0000020fc138084c method=java.lang.ThreadLocal.get()Ljava/lang/Object; @ 6
Event: 20.034 Thread 0x0000020fdc4ce800 Uncommon trap: reason=unstable_if action=reinterpret pc=0x0000020fc1453f54 method=java.lang.ref.ReferenceQueue.poll()Ljava/lang/ref/Reference; @ 4
Event: 20.035 Thread 0x0000020fdc4ce800 Uncommon trap: reason=unstable_if action=reinterpret pc=0x0000020fc0ee0ce8 method=java.lang.AbstractStringBuilder.append(Ljava/lang/String;)Ljava/lang/AbstractStringBuilder; @ 1

Classes redefined (0 events):
No events

Internal exceptions (10 events):
Event: 12.094 Thread 0x0000020fdc4ce800 Exception <a 'java/io/FileNotFoundException'> (0x000000076fd32998) thrown at [C:\jenkins\workspace\openjdk-build\jdk8u\hotspot\src\share\vm\prims\jni.cpp, line 712]
Event: 12.102 Thread 0x0000020fdc4ce800 Exception <a 'java/io/FileNotFoundException'> (0x000000076fe32270) thrown at [C:\jenkins\workspace\openjdk-build\jdk8u\hotspot\src\share\vm\prims\jni.cpp, line 712]
Event: 12.102 Thread 0x0000020fdc4ce800 Exception <a 'java/io/FileNotFoundException'> (0x000000076fe345e0) thrown at [C:\jenkins\workspace\openjdk-build\jdk8u\hotspot\src\share\vm\prims\jni.cpp, line 712]
Event: 12.103 Thread 0x0000020fdc4ce800 Exception <a 'java/io/FileNotFoundException'> (0x000000076fe36788) thrown at [C:\jenkins\workspace\openjdk-build\jdk8u\hotspot\src\share\vm\prims\jni.cpp, line 712]
Event: 20.024 Thread 0x0000020fdc4ce800 Exception <a 'sun/nio/fs/WindowsException'> (0x000000076c389c98) thrown at [C:\jenkins\workspace\openjdk-build\jdk8u\hotspot\src\share\vm\prims\jni.cpp, line 712]
Event: 20.027 Thread 0x0000020fdc4ce800 Exception <a 'sun/nio/fs/WindowsException'> (0x000000076c38c580) thrown at [C:\jenkins\workspace\openjdk-build\jdk8u\hotspot\src\share\vm\prims\jni.cpp, line 712]
Event: 20.035 Thread 0x0000020fdc4ce800 Implicit null exception at 0x0000020fc0ee0916 to 0x0000020fc0ee0cd1
Event: 20.035 Thread 0x0000020fdc4ce800 Exception <a 'java/lang/NoSuchMethodError': fwkLoad> (0x000000076c3a4380) thrown at [C:\jenkins\workspace\openjdk-build\jdk8u\hotspot\src\share\vm\prims\jni.cpp, line 1585]
Event: 20.035 Thread 0x0000020fdc4ce800 Exception <a 'java/lang/NoClassDefFoundError': com/sun/webkit/network/URLLoaderBase> (0x000000076c3b6a38) thrown at [C:\jenkins\workspace\openjdk-build\jdk8u\hotspot\src\share\vm\classfile\systemDictionary.cpp, line 206]
Event: 20.035 Thread 0x0000020fdc4ce800 Exception <a 'java/lang/NoSuchMethodError': fwkCancel> (0x000000076c3b6e68) thrown at [C:\jenkins\workspace\openjdk-build\jdk8u\hotspot\src\share\vm\prims\jni.cpp, line 1585]

Events (10 events):
Event: 20.035 Thread 0x0000020fdc4ce800 DEOPT PACKING pc=0x0000020fc0ee0ce8 sp=0x000000df9bdf69f0
Event: 20.035 Thread 0x0000020fdc4ce800 DEOPT UNPACKING pc=0x0000020fc0cc5583 sp=0x000000df9bdf6980 mode 2
Event: 20.035 loading class com/sun/webkit/network/URLLoaderBase
Event: 20.035 loading class com/sun/webkit/network/URLLoaderBase done
Event: 20.035 loading class com/sun/webkit/network/FormDataElement
Event: 20.035 loading class com/sun/webkit/network/FormDataElement done
Event: 20.036 loading class com/sun/webkit/network/FormDataElement$FileElement
Event: 20.036 loading class com/sun/webkit/network/FormDataElement$FileElement done
Event: 20.036 loading class com/sun/webkit/network/FormDataElement$ByteArrayElement
Event: 20.036 loading class com/sun/webkit/network/FormDataElement$ByteArrayElement done


Dynamic libraries:
0x00007ff685fb0000 - 0x00007ff685ffd000 	C:\Program Files\Java\openlogic-openjdk-8u422-b05-windows-x64\bin\javaw.exe
0x00007ff92b480000 - 0x00007ff92b6e3000 	C:\WINDOWS\SYSTEM32\ntdll.dll
0x00007ff92a900000 - 0x00007ff92a9c8000 	C:\WINDOWS\System32\KERNEL32.DLL
0x00007ff928c50000 - 0x00007ff929001000 	C:\WINDOWS\System32\KERNELBASE.dll
0x00007ff92ad00000 - 0x00007ff92adb4000 	C:\WINDOWS\System32\ADVAPI32.dll
0x00007ff92b0e0000 - 0x00007ff92b189000 	C:\WINDOWS\System32\msvcrt.dll
0x00007ff9297c0000 - 0x00007ff929866000 	C:\WINDOWS\System32\sechost.dll
0x00007ff92abe0000 - 0x00007ff92acf6000 	C:\WINDOWS\System32\RPCRT4.dll
0x00007ff92a9d0000 - 0x00007ff92ab98000 	C:\WINDOWS\System32\USER32.dll
0x00007ff929010000 - 0x00007ff929037000 	C:\WINDOWS\System32\win32u.dll
0x00007ff929d50000 - 0x00007ff929d7a000 	C:\WINDOWS\System32\GDI32.dll
0x00007ff9289d0000 - 0x00007ff928af5000 	C:\WINDOWS\System32\gdi32full.dll
0x00007ff929040000 - 0x00007ff9290e3000 	C:\WINDOWS\System32\msvcp_win.dll
0x00007ff928b00000 - 0x00007ff928c4b000 	C:\WINDOWS\System32\ucrtbase.dll
0x00007ff904080000 - 0x00007ff904310000 	C:\WINDOWS\WinSxS\amd64_microsoft.windows.common-controls_6595b64144ccf1df_6.0.26100.2161_none_3e0cadb0e33078e1\COMCTL32.dll
0x00007ff9292f0000 - 0x00007ff92931f000 	C:\WINDOWS\System32\IMM32.DLL
0x00007ff91e0b0000 - 0x00007ff91e0cb000 	C:\Program Files\Java\openlogic-openjdk-8u422-b05-windows-x64\jre\bin\vcruntime140.dll
0x00007ff91c3b0000 - 0x00007ff91c3bc000 	C:\Program Files\Java\openlogic-openjdk-8u422-b05-windows-x64\jre\bin\vcruntime140_1.dll
0x00007ff8e32e0000 - 0x00007ff8e336d000 	C:\Program Files\Java\openlogic-openjdk-8u422-b05-windows-x64\jre\bin\msvcp140.dll
0x0000000065480000 - 0x0000000065d19000 	C:\Program Files\Java\openlogic-openjdk-8u422-b05-windows-x64\jre\bin\server\jvm.dll
0x00007ff92a7e0000 - 0x00007ff92a7e8000 	C:\WINDOWS\System32\PSAPI.DLL
0x00007ff9137e0000 - 0x00007ff913816000 	C:\WINDOWS\SYSTEM32\WINMM.dll
0x00007ff918f30000 - 0x00007ff918f3b000 	C:\WINDOWS\SYSTEM32\VERSION.dll
0x00007ff920720000 - 0x00007ff92072a000 	C:\WINDOWS\SYSTEM32\WSOCK32.dll
0x00007ff92a760000 - 0x00007ff92a7d4000 	C:\WINDOWS\System32\WS2_32.dll
0x00007ff9277d0000 - 0x00007ff9277ea000 	C:\WINDOWS\SYSTEM32\kernel.appcore.dll
0x00007ff91a500000 - 0x00007ff91a510000 	C:\Program Files\Java\openlogic-openjdk-8u422-b05-windows-x64\jre\bin\verify.dll
0x00007ff8cf6b0000 - 0x00007ff8cf6db000 	C:\Program Files\Java\openlogic-openjdk-8u422-b05-windows-x64\jre\bin\java.dll
0x00007ff8e6010000 - 0x00007ff8e6028000 	C:\Program Files\Java\openlogic-openjdk-8u422-b05-windows-x64\jre\bin\zip.dll
0x00007ff929d80000 - 0x00007ff92a47f000 	C:\WINDOWS\System32\SHELL32.dll
0x00007ff9265b0000 - 0x00007ff926ddd000 	C:\WINDOWS\SYSTEM32\windows.storage.dll
0x00007ff9299d0000 - 0x00007ff929d4d000 	C:\WINDOWS\System32\combase.dll
0x00007ff92b360000 - 0x00007ff92b433000 	C:\WINDOWS\System32\SHCORE.dll
0x00007ff92a700000 - 0x00007ff92a75d000 	C:\WINDOWS\System32\shlwapi.dll
0x00007ff928780000 - 0x00007ff9287ae000 	C:\WINDOWS\SYSTEM32\profapi.dll
0x0000020fbf2d0000 - 0x0000020fbf2d3000 	C:\Program Files\Java\openlogic-openjdk-8u422-b05-windows-x64\jre\bin\api-ms-win-core-console-l1-1-0.dll
0x0000020fbf2e0000 - 0x0000020fbf2e3000 	C:\Program Files\Java\openlogic-openjdk-8u422-b05-windows-x64\jre\bin\api-ms-win-core-datetime-l1-1-0.dll
0x0000020fc0bf0000 - 0x0000020fc0bf3000 	C:\Program Files\Java\openlogic-openjdk-8u422-b05-windows-x64\jre\bin\api-ms-win-core-debug-l1-1-0.dll
0x0000020fc0c00000 - 0x0000020fc0c03000 	C:\Program Files\Java\openlogic-openjdk-8u422-b05-windows-x64\jre\bin\api-ms-win-core-errorhandling-l1-1-0.dll
0x0000020fc0c10000 - 0x0000020fc0c14000 	C:\Program Files\Java\openlogic-openjdk-8u422-b05-windows-x64\jre\bin\api-ms-win-core-file-l1-1-0.dll
0x0000020fc0c20000 - 0x0000020fc0c23000 	C:\Program Files\Java\openlogic-openjdk-8u422-b05-windows-x64\jre\bin\api-ms-win-core-file-l1-2-0.dll
0x0000020fc0c30000 - 0x0000020fc0c33000 	C:\Program Files\Java\openlogic-openjdk-8u422-b05-windows-x64\jre\bin\api-ms-win-core-file-l2-1-0.dll
0x0000020fc0c40000 - 0x0000020fc0c43000 	C:\Program Files\Java\openlogic-openjdk-8u422-b05-windows-x64\jre\bin\api-ms-win-core-handle-l1-1-0.dll
0x0000020fc0c50000 - 0x0000020fc0c53000 	C:\Program Files\Java\openlogic-openjdk-8u422-b05-windows-x64\jre\bin\api-ms-win-core-heap-l1-1-0.dll
0x0000020fc0c60000 - 0x0000020fc0c63000 	C:\Program Files\Java\openlogic-openjdk-8u422-b05-windows-x64\jre\bin\api-ms-win-core-interlocked-l1-1-0.dll
0x0000020fdc510000 - 0x0000020fdc513000 	C:\Program Files\Java\openlogic-openjdk-8u422-b05-windows-x64\jre\bin\api-ms-win-core-libraryloader-l1-1-0.dll
0x0000020fdc520000 - 0x0000020fdc523000 	C:\Program Files\Java\openlogic-openjdk-8u422-b05-windows-x64\jre\bin\api-ms-win-core-localization-l1-2-0.dll
0x0000020fdc530000 - 0x0000020fdc533000 	C:\Program Files\Java\openlogic-openjdk-8u422-b05-windows-x64\jre\bin\api-ms-win-core-memory-l1-1-0.dll
0x0000020fdc540000 - 0x0000020fdc543000 	C:\Program Files\Java\openlogic-openjdk-8u422-b05-windows-x64\jre\bin\api-ms-win-core-namedpipe-l1-1-0.dll
0x0000020fdc550000 - 0x0000020fdc553000 	C:\Program Files\Java\openlogic-openjdk-8u422-b05-windows-x64\jre\bin\api-ms-win-core-processenvironment-l1-1-0.dll
0x0000020fdc560000 - 0x0000020fdc563000 	C:\Program Files\Java\openlogic-openjdk-8u422-b05-windows-x64\jre\bin\api-ms-win-core-processthreads-l1-1-0.dll
0x0000020fdc570000 - 0x0000020fdc573000 	C:\Program Files\Java\openlogic-openjdk-8u422-b05-windows-x64\jre\bin\api-ms-win-core-processthreads-l1-1-1.dll
0x0000020fdc580000 - 0x0000020fdc583000 	C:\Program Files\Java\openlogic-openjdk-8u422-b05-windows-x64\jre\bin\api-ms-win-core-profile-l1-1-0.dll
0x0000020fdc590000 - 0x0000020fdc593000 	C:\Program Files\Java\openlogic-openjdk-8u422-b05-windows-x64\jre\bin\api-ms-win-core-rtlsupport-l1-1-0.dll
0x0000020fdc5a0000 - 0x0000020fdc5a3000 	C:\Program Files\Java\openlogic-openjdk-8u422-b05-windows-x64\jre\bin\api-ms-win-core-string-l1-1-0.dll
0x0000020fdc5b0000 - 0x0000020fdc5b3000 	C:\Program Files\Java\openlogic-openjdk-8u422-b05-windows-x64\jre\bin\api-ms-win-core-synch-l1-1-0.dll
0x0000020fdc5c0000 - 0x0000020fdc5c3000 	C:\Program Files\Java\openlogic-openjdk-8u422-b05-windows-x64\jre\bin\api-ms-win-core-synch-l1-2-0.dll
0x0000020fdc5d0000 - 0x0000020fdc5d3000 	C:\Program Files\Java\openlogic-openjdk-8u422-b05-windows-x64\jre\bin\api-ms-win-core-sysinfo-l1-1-0.dll
0x0000020fdc5e0000 - 0x0000020fdc5e3000 	C:\Program Files\Java\openlogic-openjdk-8u422-b05-windows-x64\jre\bin\api-ms-win-core-timezone-l1-1-0.dll
0x0000020fdc5f0000 - 0x0000020fdc5f3000 	C:\Program Files\Java\openlogic-openjdk-8u422-b05-windows-x64\jre\bin\api-ms-win-core-util-l1-1-0.dll
0x0000020fdc600000 - 0x0000020fdc603000 	C:\Program Files\Java\openlogic-openjdk-8u422-b05-windows-x64\jre\bin\api-ms-win-crt-conio-l1-1-0.dll
0x0000020fdc610000 - 0x0000020fdc614000 	C:\Program Files\Java\openlogic-openjdk-8u422-b05-windows-x64\jre\bin\api-ms-win-crt-convert-l1-1-0.dll
0x0000020fdc620000 - 0x0000020fdc623000 	C:\Program Files\Java\openlogic-openjdk-8u422-b05-windows-x64\jre\bin\api-ms-win-crt-environment-l1-1-0.dll
0x0000020fdc630000 - 0x0000020fdc633000 	C:\Program Files\Java\openlogic-openjdk-8u422-b05-windows-x64\jre\bin\api-ms-win-crt-filesystem-l1-1-0.dll
0x0000020fdc640000 - 0x0000020fdc643000 	C:\Program Files\Java\openlogic-openjdk-8u422-b05-windows-x64\jre\bin\api-ms-win-crt-heap-l1-1-0.dll
0x0000020fdc650000 - 0x0000020fdc653000 	C:\Program Files\Java\openlogic-openjdk-8u422-b05-windows-x64\jre\bin\api-ms-win-crt-locale-l1-1-0.dll
0x0000020fdc660000 - 0x0000020fdc665000 	C:\Program Files\Java\openlogic-openjdk-8u422-b05-windows-x64\jre\bin\api-ms-win-crt-math-l1-1-0.dll
0x0000020fdc670000 - 0x0000020fdc675000 	C:\Program Files\Java\openlogic-openjdk-8u422-b05-windows-x64\jre\bin\api-ms-win-crt-multibyte-l1-1-0.dll
0x0000020fdc680000 - 0x0000020fdc68f000 	C:\Program Files\Java\openlogic-openjdk-8u422-b05-windows-x64\jre\bin\api-ms-win-crt-private-l1-1-0.dll
0x0000020fdc690000 - 0x0000020fdc693000 	C:\Program Files\Java\openlogic-openjdk-8u422-b05-windows-x64\jre\bin\api-ms-win-crt-process-l1-1-0.dll
0x0000020fdc6a0000 - 0x0000020fdc6a4000 	C:\Program Files\Java\openlogic-openjdk-8u422-b05-windows-x64\jre\bin\api-ms-win-crt-runtime-l1-1-0.dll
0x0000020fdc6b0000 - 0x0000020fdc6b4000 	C:\Program Files\Java\openlogic-openjdk-8u422-b05-windows-x64\jre\bin\api-ms-win-crt-stdio-l1-1-0.dll
0x0000020fdc6c0000 - 0x0000020fdc6c4000 	C:\Program Files\Java\openlogic-openjdk-8u422-b05-windows-x64\jre\bin\api-ms-win-crt-string-l1-1-0.dll
0x0000020fdc6d0000 - 0x0000020fdc6d3000 	C:\Program Files\Java\openlogic-openjdk-8u422-b05-windows-x64\jre\bin\api-ms-win-crt-time-l1-1-0.dll
0x0000020fdc6e0000 - 0x0000020fdc6e3000 	C:\Program Files\Java\openlogic-openjdk-8u422-b05-windows-x64\jre\bin\api-ms-win-crt-utility-l1-1-0.dll
0x00007ff898670000 - 0x00007ff898762000 	C:\Program Files\Java\openlogic-openjdk-8u422-b05-windows-x64\jre\bin\ucrtbase.dll
0x00007ff8c8500000 - 0x00007ff8c854d000 	C:\Windows\System32\concrt140.dll
0x00007ff8cd6d0000 - 0x00007ff8cd6f3000 	C:\Program Files\Java\openlogic-openjdk-8u422-b05-windows-x64\jre\bin\prism_d3d.dll
0x00007ff8e9520000 - 0x00007ff8e96c6000 	C:\WINDOWS\system32\d3d9.dll
0x00007ff9259f0000 - 0x00007ff925a1e000 	C:\WINDOWS\SYSTEM32\dwmapi.dll
0x00007ff925a60000 - 0x00007ff925aa5000 	C:\WINDOWS\SYSTEM32\dxcore.dll
0x00007ff925310000 - 0x00007ff9253bd000 	C:\WINDOWS\system32\uxtheme.dll
0x00007ff8ae920000 - 0x00007ff8ae9db000 	C:\WINDOWS\SYSTEM32\d3d9on12.dll
0x00007ff919a40000 - 0x00007ff919a63000 	C:\WINDOWS\SYSTEM32\d3d12.dll
0x00007ff9258a0000 - 0x00007ff9259cb000 	C:\WINDOWS\SYSTEM32\dxgi.dll
0x00007ff925820000 - 0x00007ff92587c000 	C:\WINDOWS\SYSTEM32\directxdatabasehelper.dll
0x00007ff928510000 - 0x00007ff92856f000 	C:\WINDOWS\SYSTEM32\cfgmgr32.dll
0x00007ff928930000 - 0x00007ff9289c9000 	C:\WINDOWS\System32\bcryptPrimitives.dll
0x00007ff8ae6a0000 - 0x00007ff8ae916000 	C:\WINDOWS\SYSTEM32\D3D12Core.dll
0x00007ff8aec70000 - 0x00007ff8aec97000 	C:\WINDOWS\System32\DriverStore\FileRepository\iigd_dch.inf_amd64_2c21aacb05120ae0\igd12umd64.dll
0x00007ff8ad9d0000 - 0x00007ff8ae695000 	C:\WINDOWS\System32\DriverStore\FileRepository\iigd_dch.inf_amd64_2c21aacb05120ae0\igd12um64xel.dll
0x00007ff929170000 - 0x00007ff9292e6000 	C:\WINDOWS\System32\CRYPT32.dll
0x00007ff92ae00000 - 0x00007ff92af99000 	C:\WINDOWS\System32\ole32.dll
0x00007ff9281b0000 - 0x00007ff9281d6000 	C:\WINDOWS\SYSTEM32\bcrypt.dll
0x00007ff8eadb0000 - 0x00007ff8eadf3000 	C:\WINDOWS\SYSTEM32\ControlLib.dll
0x00007ff929330000 - 0x00007ff9297b5000 	C:\WINDOWS\System32\SETUPAPI.dll
0x00007ff9284e0000 - 0x00007ff92850d000 	C:\WINDOWS\SYSTEM32\DEVOBJ.dll
0x00007ff915ea0000 - 0x00007ff915f1b000 	C:\WINDOWS\System32\DriverStore\FileRepository\iigd_dch.inf_amd64_2c21aacb05120ae0\IntelControlLib.dll
0x00007ff9290f0000 - 0x00007ff92916a000 	C:\WINDOWS\System32\WINTRUST.dll
0x00007ff927fe0000 - 0x00007ff927ff3000 	C:\WINDOWS\SYSTEM32\MSASN1.dll
0x00007ff90c690000 - 0x00007ff90caa7000 	C:\WINDOWS\System32\DriverStore\FileRepository\iigd_dch.inf_amd64_2c21aacb05120ae0\igdgmm64.dll
0x00007ff907f90000 - 0x00007ff90c555000 	C:\WINDOWS\System32\DriverStore\FileRepository\iigd_dch.inf_amd64_2c21aacb05120ae0\igc64.dll
0x00007ff8ad990000 - 0x00007ff8ad9be000 	C:\WINDOWS\SYSTEM32\D3DSCache.dll
0x00007ff927d70000 - 0x00007ff927d9b000 	C:\WINDOWS\SYSTEM32\USERENV.dll
0x00007ff8ac5d0000 - 0x00007ff8ad98e000 	C:\WINDOWS\System32\DriverStore\FileRepository\iigd_dch.inf_amd64_2c21aacb05120ae0\igd12dxva64.dll
0x00007ff929870000 - 0x00007ff929946000 	C:\WINDOWS\System32\OLEAUT32.dll
0x00007ff8aa860000 - 0x00007ff8ac5c8000 	C:\WINDOWS\System32\DriverStore\FileRepository\iigd_dch.inf_amd64_2c21aacb05120ae0\media_bin_64.dll
0x00007ff8aa830000 - 0x00007ff8aa857000 	C:\WINDOWS\System32\DriverStore\FileRepository\iigd_dch.inf_amd64_2c21aacb05120ae0\igdinfo64.dll
0x00007ff906120000 - 0x00007ff906357000 	C:\WINDOWS\SYSTEM32\twinapi.appcore.dll
0x00007ff8bf9f0000 - 0x00007ff8bfa32000 	C:\Program Files\Java\openlogic-openjdk-8u422-b05-windows-x64\jre\bin\glass.dll
0x00007ff92aff0000 - 0x00007ff92b0dd000 	C:\WINDOWS\System32\COMDLG32.dll
0x00007ff92a490000 - 0x00007ff92a5eb000 	C:\WINDOWS\System32\MSCTF.dll
0x00007ff8e3590000 - 0x00007ff8e35a4000 	C:\Program Files\Java\openlogic-openjdk-8u422-b05-windows-x64\jre\bin\javafx_font.dll
0x00007ff921350000 - 0x00007ff9215b5000 	C:\WINDOWS\SYSTEM32\dwrite.dll
0x00007ff92a850000 - 0x00007ff92a8f8000 	C:\WINDOWS\System32\clbcatq.dll
0x00007ff9250a0000 - 0x00007ff9252ca000 	C:\WINDOWS\SYSTEM32\WindowsCodecs.dll
0x00007ff8d8b00000 - 0x00007ff8d8b5a000 	C:\WINDOWS\system32\dataexchange.dll
0x00007ff8d7a70000 - 0x00007ff8d7a9c000 	C:\Program Files\Common Files\Microsoft Shared\Ink\rtscom.dll
0x00007ff9133a0000 - 0x00007ff9134e5000 	C:\WINDOWS\SYSTEM32\textinputframework.dll
0x00007ff922040000 - 0x00007ff922165000 	C:\WINDOWS\SYSTEM32\CoreMessaging.dll
0x00007ff9134f0000 - 0x00007ff9137d3000 	C:\WINDOWS\SYSTEM32\CoreUIComponents.dll
0x00007ff923ea0000 - 0x00007ff924008000 	C:\WINDOWS\SYSTEM32\wintypes.dll
0x00007ff927f90000 - 0x00007ff927f9c000 	C:\WINDOWS\SYSTEM32\CRYPTBASE.DLL
0x00007ff8e32c0000 - 0x00007ff8e32d1000 	C:\Program Files\Java\openlogic-openjdk-8u422-b05-windows-x64\jre\bin\prism_common.dll
0x00007ff8578e0000 - 0x00007ff85c578000 	C:\Program Files\Java\javafx-sdk-22.0.2\bin\jfxwebkit.dll
0x00007ff8bf9a0000 - 0x00007ff8bf9e1000 	C:\WINDOWS\SYSTEM32\MSVCP140_2.dll
0x00007ff927f70000 - 0x00007ff927f8c000 	C:\WINDOWS\SYSTEM32\CRYPTSP.dll
0x00007ff927730000 - 0x00007ff927768000 	C:\WINDOWS\system32\rsaenh.dll

VM Arguments:
jvm_args: -Dfile.encoding=UTF-8 -Dstdout.encoding=UTF-8 -Dstderr.encoding=UTF-8 
java_command: application.Main
java_class_path (initial): C:\eclipse\Cloud_Storage_Management\bin;C:\Users\Acer\.p2\pool\plugins\org.eclipse.fx.ide.css.jfx8_3.10.0.202303150700.jar;C:\Program Files\Java\jfoenix-8.0.10.jar
Launcher Type: SUN_STANDARD

Environment Variables:
PATH=C:\Python312\Scripts\;C:\Python312\;C:\Program Files\Common Files\Oracle\Java\javapath;C:\Program Files (x86)\Common Files\Oracle\Java\java8path;C:\Program Files (x86)\Common Files\Oracle\Java\javapath;C:\Windows\system32;C:\Windows;C:\Windows\System32\Wbem;C:\Windows\System32\WindowsPowerShell\v1.0\;C:\Windows\System32\OpenSSH\;C:\Program Files (x86)\NVIDIA Corporation\PhysX\Common;C:\ProgramData\chocolatey\bin;C:\Program Files\dotnet\;C:\MinGW\bin;C:\Program Files\Java\jdk-22\bin;;%SystemRoot%\system32;%SystemRoot%;%SystemRoot%\System32\Wbem;%SYSTEMROOT%\System32\WindowsPowerShell\v1.0\;%SYSTEMROOT%\System32\OpenSSH\;C:\Users\Acer\AppData\Local\Programs\Microsoft VS Code\bin;D:\IntelliJ IDEA 2024.2.1\bin;;C:\Program Files\JetBrains\IntelliJ IDEA Community Edition 2024.2.1\bin;;C:\Program Files\Java\javafx-sdk-22.0.2\bin;;C:\Users\Acer\AppData\Local\Microsoft\WindowsApps
USERNAME=Ashish
OS=Windows_NT
PROCESSOR_IDENTIFIER=Intel64 Family 6 Model 186 Stepping 2, GenuineIntel



---------------  S Y S T E M  ---------------

OS: Windows 11 , 64 bit Build 26100 (10.0.26100.2161)

CPU:total 12 (initial active 12) (6 cores per cpu, 2 threads per core) family 6 model 186 stepping 2, cmov, cx8, fxsr, mmx, sse, sse2, sse3, ssse3, sse4.1, sse4.2, popcnt, avx, avx2, aes, clmul, erms, 3dnowpref, lzcnt, ht, tsc, tscinvbit, bmi1, bmi2, adx

Memory: 4k page, physical 16473976k(4367016k free), swap 19619704k(1522168k free)

vm_info: OpenJDK 64-Bit Server VM (25.422-b05) for windows-amd64 JRE (1.8.0_422-422-b05), built on Jul 18 2024 05:34:18 by "Administrator" with MS VC++ 16.10 / 16.11 (VS2019)

time: Wed Oct 30 16:56:18 2024
timezone: India Standard Time
elapsed time: 20.302912 seconds (0d 0h 0m 20s)

