#
# A fatal error has been detected by the Java Runtime Environment:
#
#  EXCEPTION_ACCESS_VIOLATION (0xc0000005) at pc=0x00000000655b5269, pid=24548, tid=0x000000000000301c
#
# JRE version: OpenJDK Runtime Environment (8.0_422-b05) (build 1.8.0_422-422-b05)
# Java VM: OpenJDK 64-Bit Server VM (25.422-b05 mixed mode windows-amd64 compressed oops)
# Problematic frame:
# V  [jvm.dll+0x135269]
#
# Failed to write core dump. Minidumps are not enabled by default on client versions of Windows
#
# If you would like to submit a bug report, please visit:
#   http://bugreport.java.com/bugreport/crash.jsp
#

---------------  T H R E A D  ---------------

Current thread (0x000001d9fd4c6800):  JavaThread "JavaFX Application Thread" [_thread_in_vm, id=12316, stack(0x000000a431100000,0x000000a431200000)]

siginfo: ExceptionCode=0xc0000005, reading address 0x0000000000000000

Registers:
RAX=0x0000000000000000, RBX=0x000001d9fd4c6800, RCX=0x000001d9fd4c6800, RDX=0x000001d9fd6298d0
RSP=0x000000a4311f6af0, RBP=0x000000a4311f6be8, RSI=0x0000000000000000, RDI=0x000001d9fd4c6a60
R8 =0x0000000000000000, R9 =0x000000a4311f6be8, R10=0x00000000655b51a0, R11=0x000000000000002a
R12=0x000001d99f6d2ff0, R13=0x000001d99f6d3050, R14=0x0000000000000000, R15=0x000001d9fd4c6a60
RIP=0x00000000655b5269, EFLAGS=0x0000000000010246

Top of Stack: (sp=0x000000a4311f6af0)
0x000000a4311f6af0:   000001d9fd4c6800 0000000000000000
0x000000a4311f6b00:   000000000000002a 000000000000002a
0x000000a4311f6b10:   000001d99f6d2ff0 0000000000000000
0x000000a4311f6b20:   000001d99f6d3050 000001d99f6d2ff0
0x000000a4311f6b30:   000000000000002a 000000a4311f6c28
0x000000a4311f6b40:   000001d9fd4c6800 000001d9fccfdc18
0x000000a4311f6b50:   000001d900000631 0000000065a7d5d0
0x000000a4311f6b60:   000001d99f6fff80 0000000065a7d5d0
0x000000a4311f6b70:   0000000000000000 00007ff85988c23f
0x000000a4311f6b80:   000001d99f6fff80 000001d900000000
0x000000a4311f6b90:   0000000000000000 00007ff85798fe30
0x000000a4311f6ba0:   000001d9fd629c48 000000a4311f6cd0
0x000000a4311f6bb0:   000001d9fd629c60 000001d9fd629c68
0x000000a4311f6bc0:   000000a4311f6cd0 00007ff857bb802b
0x000000a4311f6bd0:   000001d99eda7f20 000001d9fd629c48
0x000000a4311f6be0:   0000000000000000 000001d9fd629c48 

Instructions: (pc=0x00000000655b5269)
0x00000000655b5249:   00 00 06 00 00 00 48 89 5c 24 50 4c 89 74 24 58
0x00000000655b5259:   4c 39 73 08 74 0a 48 8d 4c 24 50 e8 b7 e4 12 00
0x00000000655b5269:   48 8b 06 48 8d 4c 24 70 c7 44 24 40 0c 00 00 00
0x00000000655b5279:   48 8b 50 08 0f b7 42 24 48 8b 52 08 48 8b 54 c2 


Register to memory mapping:

RAX=0x0000000000000000 is an unknown value
RBX=0x000001d9fd4c6800 is a thread
RCX=0x000001d9fd4c6800 is a thread
RDX=0x000001d9fd6298d0 is a global jni handle
RSP=0x000000a4311f6af0 is pointing into the stack for thread: 0x000001d9fd4c6800
RBP=0x000000a4311f6be8 is pointing into the stack for thread: 0x000001d9fd4c6800
RSI=0x0000000000000000 is an unknown value
RDI=0x000001d9fd4c6a60 is an unknown value
R8 =0x0000000000000000 is an unknown value
R9 =0x000000a4311f6be8 is pointing into the stack for thread: 0x000001d9fd4c6800
R10=0x00000000655b51a0 is an unknown value
R11=0x000000000000002a is an unknown value
R12=0x000001d99f6d2ff0 is an unknown value
R13=0x000001d99f6d3050 is an unknown value
R14=0x0000000000000000 is an unknown value
R15=0x000001d9fd4c6a60 is an unknown value


Stack: [0x000000a431100000,0x000000a431200000],  sp=0x000000a4311f6af0,  free space=986k
Native frames: (J=compiled Java code, j=interpreted, Vv=VM code, C=native code)
V  [jvm.dll+0x135269]
C  [jfxwebkit.dll+0xafe30]
C  [jfxwebkit.dll+0x2d802b]
C  [jfxwebkit.dll+0x2d8317]
C  [jfxwebkit.dll+0x2da810]
C  [jfxwebkit.dll+0x3a0327]
C  [jfxwebkit.dll+0x45e235]
C  [jfxwebkit.dll+0x2b719]
C  [jfxwebkit.dll+0x2b4d3]
C  [jfxwebkit.dll+0x2a0b6]
C  [jfxwebkit.dll+0x44dc3a]
C  [jfxwebkit.dll+0x44e1b8]
C  [jfxwebkit.dll+0x44e0e6]
C  [jfxwebkit.dll+0x44db0a]
C  [jfxwebkit.dll+0x460339]
C  [jfxwebkit.dll+0x44bbf4]
C  [jfxwebkit.dll+0x461094]
C  [jfxwebkit.dll+0x456a30]
C  [jfxwebkit.dll+0x450122]
C  [jfxwebkit.dll+0x2ab3a]
C  [jfxwebkit.dll+0xbf462a]
C  [jfxwebkit.dll+0xbfc36d]
C  [jfxwebkit.dll+0xbfabb6]
C  [jfxwebkit.dll+0x30ef3a]
C  [jfxwebkit.dll+0x306a83]
C  [jfxwebkit.dll+0x31afbe]
C  [jfxwebkit.dll+0x317bc6]
C  [jfxwebkit.dll+0x3b2e93]
C  [jfxwebkit.dll+0x3b68c3]
C  [jfxwebkit.dll+0x3b314a]
C  [jfxwebkit.dll+0x465d76]
C  [jfxwebkit.dll+0x468a8b]
C  [jfxwebkit.dll+0xb83a7]
C  [jfxwebkit.dll+0x469e24]
C  [jfxwebkit.dll+0x3c30e1]
C  [jfxwebkit.dll+0x3be748]
C  [jfxwebkit.dll+0x3beb28]
C  [jfxwebkit.dll+0xc62de]
C  0x000001d980019c8e

Java frames: (J=compiled Java code, j=interpreted, Vv=VM code)
j  com.sun.webkit.WebPage.twkOpen(JLjava/lang/String;)V+0
j  com.sun.webkit.WebPage.open(JLjava/lang/String;)V+106
j  javafx.scene.web.WebEngine.load(Ljava/lang/String;)V+96
j  PDFView.PDFViewController.openPDF()V+60
j  Main_Interface.Main_Interface_Controller.LoadPdfController(Ljavafx/event/ActionEvent;)V+62
v  ~StubRoutines::call_stub
j  sun.reflect.NativeMethodAccessorImpl.invoke0(Ljava/lang/reflect/Method;Ljava/lang/Object;[Ljava/lang/Object;)Ljava/lang/Object;+0
j  sun.reflect.NativeMethodAccessorImpl.invoke(Ljava/lang/Object;[Ljava/lang/Object;)Ljava/lang/Object;+100
J 1166 C1 sun.reflect.DelegatingMethodAccessorImpl.invoke(Ljava/lang/Object;[Ljava/lang/Object;)Ljava/lang/Object; (10 bytes) @ 0x000001d98040f94c [0x000001d98040f840+0x10c]
J 1165 C1 java.lang.reflect.Method.invoke(Ljava/lang/Object;[Ljava/lang/Object;)Ljava/lang/Object; (62 bytes) @ 0x000001d9804115f4 [0x000001d980411200+0x3f4]
j  sun.reflect.misc.Trampoline.invoke(Ljava/lang/reflect/Method;Ljava/lang/Object;[Ljava/lang/Object;)Ljava/lang/Object;+7
j  sun.reflect.GeneratedMethodAccessor1.invoke(Ljava/lang/Object;[Ljava/lang/Object;)Ljava/lang/Object;+40
J 1166 C1 sun.reflect.DelegatingMethodAccessorImpl.invoke(Ljava/lang/Object;[Ljava/lang/Object;)Ljava/lang/Object; (10 bytes) @ 0x000001d98040f94c [0x000001d98040f840+0x10c]
J 1165 C1 java.lang.reflect.Method.invoke(Ljava/lang/Object;[Ljava/lang/Object;)Ljava/lang/Object; (62 bytes) @ 0x000001d9804115f4 [0x000001d980411200+0x3f4]
j  sun.reflect.misc.MethodUtil.invoke(Ljava/lang/reflect/Method;Ljava/lang/Object;[Ljava/lang/Object;)Ljava/lang/Object;+20
j  javafx.fxml.FXMLLoader$MethodHandler.invoke([Ljava/lang/Object;)V+19
j  javafx.fxml.FXMLLoader$ControllerMethodEventHandler.handle(Ljavafx/event/Event;)V+12
j  com.sun.javafx.event.CompositeEventHandler.dispatchBubblingEvent(Ljavafx/event/Event;)V+51
J 2261 C1 com.sun.javafx.event.EventHandlerManager.dispatchBubblingEvent(Ljavafx/event/Event;)Ljavafx/event/Event; (23 bytes) @ 0x000001d9806d4fa4 [0x000001d9806d4920+0x684]
J 2260 C1 com.sun.javafx.event.CompositeEventDispatcher.dispatchBubblingEvent(Ljavafx/event/Event;)Ljavafx/event/Event; (35 bytes) @ 0x000001d9806d591c [0x000001d9806d5760+0x1bc]
J 1706 C1 com.sun.javafx.event.BasicEventDispatcher.dispatchEvent(Ljavafx/event/Event;Ljavafx/event/EventDispatchChain;)Ljavafx/event/Event; (44 bytes) @ 0x000001d9805297bc [0x000001d980529480+0x33c]
J 1640 C1 com.sun.javafx.event.EventDispatchChainImpl.dispatchEvent(Ljavafx/event/Event;)Ljavafx/event/Event; (101 bytes) @ 0x000001d98050ad7c [0x000001d98050abc0+0x1bc]
J 1706 C1 com.sun.javafx.event.BasicEventDispatcher.dispatchEvent(Ljavafx/event/Event;Ljavafx/event/EventDispatchChain;)Ljavafx/event/Event; (44 bytes) @ 0x000001d9805296d4 [0x000001d980529480+0x254]
J 1640 C1 com.sun.javafx.event.EventDispatchChainImpl.dispatchEvent(Ljavafx/event/Event;)Ljavafx/event/Event; (101 bytes) @ 0x000001d98050ad7c [0x000001d98050abc0+0x1bc]
J 1706 C1 com.sun.javafx.event.BasicEventDispatcher.dispatchEvent(Ljavafx/event/Event;Ljavafx/event/EventDispatchChain;)Ljavafx/event/Event; (44 bytes) @ 0x000001d9805296d4 [0x000001d980529480+0x254]
J 1640 C1 com.sun.javafx.event.EventDispatchChainImpl.dispatchEvent(Ljavafx/event/Event;)Ljavafx/event/Event; (101 bytes) @ 0x000001d98050ad7c [0x000001d98050abc0+0x1bc]
J 2666 C1 com.sun.javafx.event.EventUtil.fireEvent(Ljavafx/event/EventTarget;Ljavafx/event/Event;)Ljavafx/event/Event; (81 bytes) @ 0x000001d980834eac [0x000001d9808342e0+0xbcc]
j  javafx.event.Event.fireEvent(Ljavafx/event/EventTarget;Ljavafx/event/Event;)V+30
j  javafx.scene.Node.fireEvent(Ljavafx/event/Event;)V+86
j  javafx.scene.control.Button.fire()V+15
j  com.sun.javafx.scene.control.behavior.ButtonBehavior.mouseReleased(Ljavafx/scene/input/MouseEvent;)V+23
j  com.sun.javafx.scene.control.skin.BehaviorSkinBase$1.handle(Ljavafx/scene/input/MouseEvent;)V+83
j  com.sun.javafx.scene.control.skin.BehaviorSkinBase$1.handle(Ljavafx/event/Event;)V+5
j  com.sun.javafx.event.CompositeEventHandler$NormalEventHandlerRecord.handleBubblingEvent(Ljavafx/event/Event;)V+5
j  com.sun.javafx.event.CompositeEventHandler.dispatchBubblingEvent(Ljavafx/event/Event;)V+28
J 2261 C1 com.sun.javafx.event.EventHandlerManager.dispatchBubblingEvent(Ljavafx/event/Event;)Ljavafx/event/Event; (23 bytes) @ 0x000001d9806d4fa4 [0x000001d9806d4920+0x684]
J 2260 C1 com.sun.javafx.event.CompositeEventDispatcher.dispatchBubblingEvent(Ljavafx/event/Event;)Ljavafx/event/Event; (35 bytes) @ 0x000001d9806d591c [0x000001d9806d5760+0x1bc]
J 1706 C1 com.sun.javafx.event.BasicEventDispatcher.dispatchEvent(Ljavafx/event/Event;Ljavafx/event/EventDispatchChain;)Ljavafx/event/Event; (44 bytes) @ 0x000001d9805297bc [0x000001d980529480+0x33c]
J 1640 C1 com.sun.javafx.event.EventDispatchChainImpl.dispatchEvent(Ljavafx/event/Event;)Ljavafx/event/Event; (101 bytes) @ 0x000001d98050ad7c [0x000001d98050abc0+0x1bc]
J 1706 C1 com.sun.javafx.event.BasicEventDispatcher.dispatchEvent(Ljavafx/event/Event;Ljavafx/event/EventDispatchChain;)Ljavafx/event/Event; (44 bytes) @ 0x000001d9805296d4 [0x000001d980529480+0x254]
J 1640 C1 com.sun.javafx.event.EventDispatchChainImpl.dispatchEvent(Ljavafx/event/Event;)Ljavafx/event/Event; (101 bytes) @ 0x000001d98050ad7c [0x000001d98050abc0+0x1bc]
J 1706 C1 com.sun.javafx.event.BasicEventDispatcher.dispatchEvent(Ljavafx/event/Event;Ljavafx/event/EventDispatchChain;)Ljavafx/event/Event; (44 bytes) @ 0x000001d9805296d4 [0x000001d980529480+0x254]
J 1640 C1 com.sun.javafx.event.EventDispatchChainImpl.dispatchEvent(Ljavafx/event/Event;)Ljavafx/event/Event; (101 bytes) @ 0x000001d98050ad7c [0x000001d98050abc0+0x1bc]
J 2666 C1 com.sun.javafx.event.EventUtil.fireEvent(Ljavafx/event/EventTarget;Ljavafx/event/Event;)Ljavafx/event/Event; (81 bytes) @ 0x000001d980834a14 [0x000001d9808342e0+0x734]
J 2296 C1 javafx.scene.Scene$MouseHandler.process(Ljavafx/scene/input/MouseEvent;Z)V (735 bytes) @ 0x000001d9806f719c [0x000001d9806f4660+0x2b3c]
J 2295 C1 javafx.scene.Scene$MouseHandler.access$1500(Ljavafx/scene/Scene$MouseHandler;Ljavafx/scene/input/MouseEvent;Z)V (7 bytes) @ 0x000001d9806f1fdc [0x000001d9806f1f80+0x5c]
j  javafx.scene.Scene.impl_processMouseEvent(Ljavafx/scene/input/MouseEvent;)V+6
j  javafx.scene.Scene$ScenePeerListener.mouseEvent(Ljavafx/event/EventType;DDDDLjavafx/scene/input/MouseButton;ZZZZZZZZZ)V+46
J 2913 C1 com.sun.javafx.tk.quantum.GlassViewEventHandler$MouseEventNotification.run()Ljava/lang/Void; (624 bytes) @ 0x000001d98092dce4 [0x000001d98092cc40+0x10a4]
J 2912 C1 com.sun.javafx.tk.quantum.GlassViewEventHandler$MouseEventNotification.run()Ljava/lang/Object; (5 bytes) @ 0x000001d98092a30c [0x000001d98092a280+0x8c]
v  ~StubRoutines::call_stub
J 1473  java.security.AccessController.doPrivileged(Ljava/security/PrivilegedAction;Ljava/security/AccessControlContext;)Ljava/lang/Object; (0 bytes) @ 0x000001d9804ac5e6 [0x000001d9804ac580+0x66]
J 2910 C1 com.sun.javafx.tk.quantum.GlassViewEventHandler$$Lambda$176.get()Ljava/lang/Object; (8 bytes) @ 0x000001d98092afcc [0x000001d98092ade0+0x1ec]
J 2303 C1 com.sun.javafx.tk.quantum.QuantumToolkit.runWithoutRenderLock(Ljava/util/function/Supplier;)Ljava/lang/Object; (49 bytes) @ 0x000001d9806fc764 [0x000001d9806fc220+0x544]
J 2909 C1 com.sun.javafx.tk.quantum.GlassViewEventHandler.handleMouseEvent(Lcom/sun/glass/ui/View;JIIIIIIIZZ)V (108 bytes) @ 0x000001d98092baa4 [0x000001d98092b680+0x424]
J 2634 C1 com.sun.glass.ui.View.notifyMouse(IIIIIIIZZ)V (221 bytes) @ 0x000001d98081e59c [0x000001d98081d4a0+0x10fc]
v  ~StubRoutines::call_stub
j  com.sun.glass.ui.win.WinApplication._runLoop(Ljava/lang/Runnable;)V+0
j  com.sun.glass.ui.win.WinApplication.lambda$null$3(ILjava/lang/Runnable;)V+8
j  com.sun.glass.ui.win.WinApplication$$Lambda$37.run()V+12
j  java.lang.Thread.run()V+11
v  ~StubRoutines::call_stub

---------------  P R O C E S S  ---------------

Java Threads: ( => current thread )
  0x000001d99eddf800 JavaThread "Disposer" daemon [_thread_blocked, id=10600, stack(0x000000a431a00000,0x000000a431b00000)]
  0x000001d99ed74000 JavaThread "Prism Font Disposer" daemon [_thread_blocked, id=17944, stack(0x000000a431800000,0x000000a431900000)]
  0x000001d9fd633000 JavaThread "Thread-3" daemon [_thread_in_native, id=5680, stack(0x000000a431300000,0x000000a431400000)]
  0x000001d9fd62d800 JavaThread "JavaFX-Launcher" [_thread_blocked, id=25756, stack(0x000000a431400000,0x000000a431500000)]
=>0x000001d9fd4c6800 JavaThread "JavaFX Application Thread" [_thread_in_vm, id=12316, stack(0x000000a431100000,0x000000a431200000)]
  0x000001d9fd424000 JavaThread "Thread-1" daemon [_thread_blocked, id=23168, stack(0x000000a431000000,0x000000a431100000)]
  0x000001d9fcd60800 JavaThread "QuantumRenderer-0" daemon [_thread_blocked, id=4572, stack(0x000000a430b00000,0x000000a430c00000)]
  0x000001d9fa51e800 JavaThread "Service Thread" daemon [_thread_blocked, id=20768, stack(0x000000a430900000,0x000000a430a00000)]
  0x000001d9fa4f9000 JavaThread "C1 CompilerThread3" daemon [_thread_blocked, id=2760, stack(0x000000a430800000,0x000000a430900000)]
  0x000001d9fa4f4800 JavaThread "C2 CompilerThread2" daemon [_thread_blocked, id=15180, stack(0x000000a430700000,0x000000a430800000)]
  0x000001d9fa4f1800 JavaThread "C2 CompilerThread1" daemon [_thread_blocked, id=25176, stack(0x000000a430600000,0x000000a430700000)]
  0x000001d9fa4f0000 JavaThread "C2 CompilerThread0" daemon [_thread_blocked, id=25892, stack(0x000000a430500000,0x000000a430600000)]
  0x000001d9fa4eb800 JavaThread "Attach Listener" daemon [_thread_blocked, id=9684, stack(0x000000a430400000,0x000000a430500000)]
  0x000001d9fa4ea800 JavaThread "Signal Dispatcher" daemon [_thread_blocked, id=5916, stack(0x000000a430300000,0x000000a430400000)]
  0x000001d9fa4c0000 JavaThread "Finalizer" daemon [_thread_blocked, id=8536, stack(0x000000a430200000,0x000000a430300000)]
  0x000001d9fa4b7000 JavaThread "Reference Handler" daemon [_thread_blocked, id=24516, stack(0x000000a430100000,0x000000a430200000)]
  0x000001d9f6676800 JavaThread "main" [_thread_blocked, id=18368, stack(0x000000a42f500000,0x000000a42f600000)]

Other Threads:
  0x000001d9fa48e000 VMThread [stack: 0x000000a430000000,0x000000a430100000] [id=14960]
  0x000001d9fc9e1800 WatcherThread [stack: 0x000000a430a00000,0x000000a430b00000] [id=25504]

VM state:not at safepoint (normal execution)

VM Mutex/Monitor currently owned by a thread: None

heap address: 0x00000006c4a00000, size: 4022 MB, Compressed Oops mode: Zero based, Oop shift amount: 3
Narrow klass base: 0x0000000000000000, Narrow klass shift: 3
Compressed class space size: 1073741824 Address: 0x00000007c0000000

Heap:
 PSYoungGen      total 75264K, used 2312K [0x000000076c380000, 0x0000000771780000, 0x00000007c0000000)
  eden space 64512K, 3% used [0x000000076c380000,0x000000076c5c2328,0x0000000770280000)
  from space 10752K, 0% used [0x0000000770280000,0x0000000770280000,0x0000000770d00000)
  to   space 10752K, 0% used [0x0000000770d00000,0x0000000770d00000,0x0000000771780000)
 ParOldGen       total 74752K, used 9356K [0x00000006c4a00000, 0x00000006c9300000, 0x000000076c380000)
  object space 74752K, 12% used [0x00000006c4a00000,0x00000006c5323220,0x00000006c9300000)
 Metaspace       used 20936K, capacity 21798K, committed 22016K, reserved 1069056K
  class space    used 2839K, capacity 3045K, committed 3072K, reserved 1048576K

Card table byte_map: [0x000001d9f8620000,0x000001d9f8e00000] byte_map_base: 0x000001d9f4ffb000

Marking Bits: (ParMarkBitMap*) 0x0000000065c9f8e0
 Begin Bits: [0x000001d98f000000, 0x000001d992ed8000)
 End Bits:   [0x000001d992ed8000, 0x000001d996db0000)

Polling page: 0x000001d9f68d0000

CodeCache: size=245760Kb used=9771Kb max_used=9771Kb free=235988Kb
 bounds [0x000001d980000000, 0x000001d980990000, 0x000001d98f000000]
 total_blobs=3789 nmethods=3098 adapters=603
 compilation: enabled

Compilation events (10 events):
Event: 23.238 Thread 0x000001d9fa4f9000 3094       3       java.util.HashMap::<init> (8 bytes)
Event: 23.238 Thread 0x000001d9fa4f9000 nmethod 3094 0x000001d98098c290 code [0x000001d98098c420, 0x000001d98098c5b0]
Event: 23.239 Thread 0x000001d9fa4f9000 3095       3       java.io.File::exists (43 bytes)
Event: 23.239 Thread 0x000001d9fa4f9000 nmethod 3095 0x000001d98098aad0 code [0x000001d98098ac60, 0x000001d98098b0f0]
Event: 23.246 Thread 0x000001d9fa4f9000 3096       3       java.lang.String::<init> (15 bytes)
Event: 23.246 Thread 0x000001d9fa4f9000 nmethod 3096 0x000001d980989f10 code [0x000001d98098a0a0, 0x000001d98098a490]
Event: 23.255 Thread 0x000001d9fa4f9000 3098       3       java.util.logging.LogManager::getProperty (9 bytes)
Event: 23.255 Thread 0x000001d9fa4f9000 nmethod 3098 0x000001d98098f790 code [0x000001d98098f900, 0x000001d98098fb30]
Event: 23.255 Thread 0x000001d9fa4f9000 3097       1       java.util.logging.LogManager::access$500 (5 bytes)
Event: 23.255 Thread 0x000001d9fa4f9000 nmethod 3097 0x000001d98098fc10 code [0x000001d98098fd60, 0x000001d98098fe58]

GC Heap History (4 events):
Event: 23.202 GC heap before
{Heap before GC invocations=1 (full 0):
 PSYoungGen      total 75264K, used 64512K [0x000000076c380000, 0x0000000771780000, 0x00000007c0000000)
  eden space 64512K, 100% used [0x000000076c380000,0x0000000770280000,0x0000000770280000)
  from space 10752K, 0% used [0x0000000770d00000,0x0000000770d00000,0x0000000771780000)
  to   space 10752K, 0% used [0x0000000770280000,0x0000000770280000,0x0000000770d00000)
 ParOldGen       total 172032K, used 0K [0x00000006c4a00000, 0x00000006cf200000, 0x000000076c380000)
  object space 172032K, 0% used [0x00000006c4a00000,0x00000006c4a00000,0x00000006cf200000)
 Metaspace       used 20213K, capacity 21062K, committed 21248K, reserved 1067008K
  class space    used 2742K, capacity 2949K, committed 3072K, reserved 1048576K
Event: 23.207 GC heap after
Heap after GC invocations=1 (full 0):
 PSYoungGen      total 75264K, used 10740K [0x000000076c380000, 0x0000000771780000, 0x00000007c0000000)
  eden space 64512K, 0% used [0x000000076c380000,0x000000076c380000,0x0000000770280000)
  from space 10752K, 99% used [0x0000000770280000,0x0000000770cfd358,0x0000000770d00000)
  to   space 10752K, 0% used [0x0000000770d00000,0x0000000770d00000,0x0000000771780000)
 ParOldGen       total 172032K, used 805K [0x00000006c4a00000, 0x00000006cf200000, 0x000000076c380000)
  object space 172032K, 0% used [0x00000006c4a00000,0x00000006c4ac9760,0x00000006cf200000)
 Metaspace       used 20213K, capacity 21062K, committed 21248K, reserved 1067008K
  class space    used 2742K, capacity 2949K, committed 3072K, reserved 1048576K
}
Event: 23.207 GC heap before
{Heap before GC invocations=2 (full 1):
 PSYoungGen      total 75264K, used 10740K [0x000000076c380000, 0x0000000771780000, 0x00000007c0000000)
  eden space 64512K, 0% used [0x000000076c380000,0x000000076c380000,0x0000000770280000)
  from space 10752K, 99% used [0x0000000770280000,0x0000000770cfd358,0x0000000770d00000)
  to   space 10752K, 0% used [0x0000000770d00000,0x0000000770d00000,0x0000000771780000)
 ParOldGen       total 172032K, used 805K [0x00000006c4a00000, 0x00000006cf200000, 0x000000076c380000)
  object space 172032K, 0% used [0x00000006c4a00000,0x00000006c4ac9760,0x00000006cf200000)
 Metaspace       used 20213K, capacity 21062K, committed 21248K, reserved 1067008K
  class space    used 2742K, capacity 2949K, committed 3072K, reserved 1048576K
Event: 23.228 GC heap after
Heap after GC invocations=2 (full 1):
 PSYoungGen      total 75264K, used 0K [0x000000076c380000, 0x0000000771780000, 0x00000007c0000000)
  eden space 64512K, 0% used [0x000000076c380000,0x000000076c380000,0x0000000770280000)
  from space 10752K, 0% used [0x0000000770280000,0x0000000770280000,0x0000000770d00000)
  to   space 10752K, 0% used [0x0000000770d00000,0x0000000770d00000,0x0000000771780000)
 ParOldGen       total 74752K, used 9356K [0x00000006c4a00000, 0x00000006c9300000, 0x000000076c380000)
  object space 74752K, 12% used [0x00000006c4a00000,0x00000006c5323220,0x00000006c9300000)
 Metaspace       used 20213K, capacity 21062K, committed 21248K, reserved 1067008K
  class space    used 2742K, capacity 2949K, committed 3072K, reserved 1048576K
}

Deoptimization events (10 events):
Event: 12.223 Thread 0x000001d9fd4c6800 Uncommon trap: reason=unstable_if action=reinterpret pc=0x000001d9808d8240 method=javafx.geometry.Insets.equals(Ljava/lang/Object;)Z @ 28
Event: 12.228 Thread 0x000001d9fcd60800 Uncommon trap: reason=unstable_if action=reinterpret pc=0x000001d980743c7c method=java.lang.StrictMath.floorOrCeil(DDDD)D @ 14
Event: 12.659 Thread 0x000001d9fd4c6800 Uncommon trap: reason=unstable_if action=reinterpret pc=0x000001d98094b7fc method=java.util.ArrayList.indexOf(Ljava/lang/Object;)I @ 1
Event: 23.230 Thread 0x000001d9fd4c6800 Uncommon trap: reason=unstable_if action=reinterpret pc=0x000001d980657b98 method=java.lang.ref.SoftReference.get()Ljava/lang/Object; @ 17
Event: 23.236 Thread 0x000001d9fd4c6800 Uncommon trap: reason=unstable_if action=reinterpret pc=0x000001d98076ee54 method=java.lang.ref.ReferenceQueue.poll()Ljava/lang/ref/Reference; @ 4
Event: 23.242 Thread 0x000001d9fd4c6800 Uncommon trap: reason=bimorphic action=maybe_recompile pc=0x000001d98076c98c method=java.lang.ThreadLocal.get()Ljava/lang/Object; @ 6
Event: 23.242 Thread 0x000001d9fd4c6800 Uncommon trap: reason=bimorphic action=maybe_recompile pc=0x000001d98076c98c method=java.lang.ThreadLocal.get()Ljava/lang/Object; @ 6
Event: 23.243 Thread 0x000001d9fd4c6800 Uncommon trap: reason=bimorphic action=maybe_recompile pc=0x000001d98076c98c method=java.lang.ThreadLocal.get()Ljava/lang/Object; @ 6
Event: 23.243 Thread 0x000001d9fd4c6800 Uncommon trap: reason=bimorphic action=maybe_recompile pc=0x000001d98076c98c method=java.lang.ThreadLocal.get()Ljava/lang/Object; @ 6
Event: 23.256 Thread 0x000001d9fd4c6800 Uncommon trap: reason=unstable_if action=reinterpret pc=0x000001d98025d0e8 method=java.lang.AbstractStringBuilder.append(Ljava/lang/String;)Ljava/lang/AbstractStringBuilder; @ 1

Classes redefined (0 events):
No events

Internal exceptions (10 events):
Event: 12.612 Thread 0x000001d9fd4c6800 Exception <a 'java/io/FileNotFoundException'> (0x000000076ffc5910) thrown at [C:\jenkins\workspace\openjdk-build\jdk8u\hotspot\src\share\vm\prims\jni.cpp, line 712]
Event: 12.612 Thread 0x000001d9fd4c6800 Exception <a 'java/io/FileNotFoundException'> (0x000000076ffc7ab8) thrown at [C:\jenkins\workspace\openjdk-build\jdk8u\hotspot\src\share\vm\prims\jni.cpp, line 712]
Event: 23.243 Thread 0x000001d9fd4c6800 Exception <a 'sun/nio/fs/WindowsException'> (0x000000076c3a4538) thrown at [C:\jenkins\workspace\openjdk-build\jdk8u\hotspot\src\share\vm\prims\jni.cpp, line 712]
Event: 23.244 Thread 0x000001d9fd4c6800 Exception <a 'sun/nio/fs/WindowsException'> (0x000000076c3a5700) thrown at [C:\jenkins\workspace\openjdk-build\jdk8u\hotspot\src\share\vm\prims\jni.cpp, line 712]
Event: 23.244 Thread 0x000001d9fd4c6800 Exception <a 'sun/nio/fs/WindowsException'> (0x000000076c3a61b0) thrown at [C:\jenkins\workspace\openjdk-build\jdk8u\hotspot\src\share\vm\prims\jni.cpp, line 712]
Event: 23.244 Thread 0x000001d9fd4c6800 Exception <a 'sun/nio/fs/WindowsException'> (0x000000076c3a7460) thrown at [C:\jenkins\workspace\openjdk-build\jdk8u\hotspot\src\share\vm\prims\jni.cpp, line 712]
Event: 23.256 Thread 0x000001d9fd4c6800 Implicit null exception at 0x000001d98025cd16 to 0x000001d98025d0d1
Event: 23.256 Thread 0x000001d9fd4c6800 Exception <a 'java/lang/NoSuchMethodError': fwkLoad> (0x000000076c3c0be8) thrown at [C:\jenkins\workspace\openjdk-build\jdk8u\hotspot\src\share\vm\prims\jni.cpp, line 1585]
Event: 23.257 Thread 0x000001d9fd4c6800 Exception <a 'java/lang/NoClassDefFoundError': com/sun/webkit/network/URLLoaderBase> (0x000000076c3d32a0) thrown at [C:\jenkins\workspace\openjdk-build\jdk8u\hotspot\src\share\vm\classfile\systemDictionary.cpp, line 206]
Event: 23.257 Thread 0x000001d9fd4c6800 Exception <a 'java/lang/NoSuchMethodError': fwkCancel> (0x000000076c3d36d0) thrown at [C:\jenkins\workspace\openjdk-build\jdk8u\hotspot\src\share\vm\prims\jni.cpp, line 1585]

Events (10 events):
Event: 23.256 Thread 0x000001d9fd4c6800 DEOPT PACKING pc=0x000001d98025d0e8 sp=0x000000a4311f6790
Event: 23.256 Thread 0x000001d9fd4c6800 DEOPT UNPACKING pc=0x000001d980045583 sp=0x000000a4311f6720 mode 2
Event: 23.256 loading class com/sun/webkit/network/URLLoaderBase
Event: 23.256 loading class com/sun/webkit/network/URLLoaderBase done
Event: 23.257 loading class com/sun/webkit/network/FormDataElement
Event: 23.257 loading class com/sun/webkit/network/FormDataElement done
Event: 23.257 loading class com/sun/webkit/network/FormDataElement$FileElement
Event: 23.257 loading class com/sun/webkit/network/FormDataElement$FileElement done
Event: 23.257 loading class com/sun/webkit/network/FormDataElement$ByteArrayElement
Event: 23.257 loading class com/sun/webkit/network/FormDataElement$ByteArrayElement done


Dynamic libraries:
0x00007ff685fb0000 - 0x00007ff685ffd000 	C:\Program Files\Java\openlogic-openjdk-8u422-b05-windows-x64\bin\javaw.exe
0x00007ff92b480000 - 0x00007ff92b6e3000 	C:\WINDOWS\SYSTEM32\ntdll.dll
0x00007ff92a900000 - 0x00007ff92a9c8000 	C:\WINDOWS\System32\KERNEL32.DLL
0x00007ff928c50000 - 0x00007ff929001000 	C:\WINDOWS\System32\KERNELBASE.dll
0x00007ff92ad00000 - 0x00007ff92adb4000 	C:\WINDOWS\System32\ADVAPI32.dll
0x00007ff92b0e0000 - 0x00007ff92b189000 	C:\WINDOWS\System32\msvcrt.dll
0x00007ff9297c0000 - 0x00007ff929866000 	C:\WINDOWS\System32\sechost.dll
0x00007ff92abe0000 - 0x00007ff92acf6000 	C:\WINDOWS\System32\RPCRT4.dll
0x00007ff92a9d0000 - 0x00007ff92ab98000 	C:\WINDOWS\System32\USER32.dll
0x00007ff929010000 - 0x00007ff929037000 	C:\WINDOWS\System32\win32u.dll
0x00007ff929d50000 - 0x00007ff929d7a000 	C:\WINDOWS\System32\GDI32.dll
0x00007ff9289d0000 - 0x00007ff928af5000 	C:\WINDOWS\System32\gdi32full.dll
0x00007ff929040000 - 0x00007ff9290e3000 	C:\WINDOWS\System32\msvcp_win.dll
0x00007ff928b00000 - 0x00007ff928c4b000 	C:\WINDOWS\System32\ucrtbase.dll
0x00007ff904080000 - 0x00007ff904310000 	C:\WINDOWS\WinSxS\amd64_microsoft.windows.common-controls_6595b64144ccf1df_6.0.26100.2161_none_3e0cadb0e33078e1\COMCTL32.dll
0x00007ff9292f0000 - 0x00007ff92931f000 	C:\WINDOWS\System32\IMM32.DLL
0x00007ff920330000 - 0x00007ff92034b000 	C:\Program Files\Java\openlogic-openjdk-8u422-b05-windows-x64\jre\bin\vcruntime140.dll
0x00007ff920320000 - 0x00007ff92032c000 	C:\Program Files\Java\openlogic-openjdk-8u422-b05-windows-x64\jre\bin\vcruntime140_1.dll
0x00007ff8b92a0000 - 0x00007ff8b932d000 	C:\Program Files\Java\openlogic-openjdk-8u422-b05-windows-x64\jre\bin\msvcp140.dll
0x0000000065480000 - 0x0000000065d19000 	C:\Program Files\Java\openlogic-openjdk-8u422-b05-windows-x64\jre\bin\server\jvm.dll
0x00007ff92a7e0000 - 0x00007ff92a7e8000 	C:\WINDOWS\System32\PSAPI.DLL
0x00007ff920720000 - 0x00007ff92072a000 	C:\WINDOWS\SYSTEM32\WSOCK32.dll
0x00007ff9137e0000 - 0x00007ff913816000 	C:\WINDOWS\SYSTEM32\WINMM.dll
0x00007ff92a760000 - 0x00007ff92a7d4000 	C:\WINDOWS\System32\WS2_32.dll
0x00007ff918f30000 - 0x00007ff918f3b000 	C:\WINDOWS\SYSTEM32\VERSION.dll
0x00007ff9277d0000 - 0x00007ff9277ea000 	C:\WINDOWS\SYSTEM32\kernel.appcore.dll
0x00007ff91dff0000 - 0x00007ff91e000000 	C:\Program Files\Java\openlogic-openjdk-8u422-b05-windows-x64\jre\bin\verify.dll
0x00007ff8d78a0000 - 0x00007ff8d78cb000 	C:\Program Files\Java\openlogic-openjdk-8u422-b05-windows-x64\jre\bin\java.dll
0x00007ff91c3b0000 - 0x00007ff91c3c8000 	C:\Program Files\Java\openlogic-openjdk-8u422-b05-windows-x64\jre\bin\zip.dll
0x00007ff929d80000 - 0x00007ff92a47f000 	C:\WINDOWS\System32\SHELL32.dll
0x00007ff9265b0000 - 0x00007ff926ddd000 	C:\WINDOWS\SYSTEM32\windows.storage.dll
0x00007ff9299d0000 - 0x00007ff929d4d000 	C:\WINDOWS\System32\combase.dll
0x00007ff92b360000 - 0x00007ff92b433000 	C:\WINDOWS\System32\SHCORE.dll
0x00007ff92a700000 - 0x00007ff92a75d000 	C:\WINDOWS\System32\shlwapi.dll
0x00007ff928780000 - 0x00007ff9287ae000 	C:\WINDOWS\SYSTEM32\profapi.dll
0x000001d9f8210000 - 0x000001d9f8213000 	C:\Program Files\Java\openlogic-openjdk-8u422-b05-windows-x64\jre\bin\api-ms-win-core-console-l1-1-0.dll
0x000001d9f8220000 - 0x000001d9f8223000 	C:\Program Files\Java\openlogic-openjdk-8u422-b05-windows-x64\jre\bin\api-ms-win-core-datetime-l1-1-0.dll
0x000001d9f8230000 - 0x000001d9f8233000 	C:\Program Files\Java\openlogic-openjdk-8u422-b05-windows-x64\jre\bin\api-ms-win-core-debug-l1-1-0.dll
0x000001d9f8240000 - 0x000001d9f8243000 	C:\Program Files\Java\openlogic-openjdk-8u422-b05-windows-x64\jre\bin\api-ms-win-core-errorhandling-l1-1-0.dll
0x000001d9fcd70000 - 0x000001d9fcd74000 	C:\Program Files\Java\openlogic-openjdk-8u422-b05-windows-x64\jre\bin\api-ms-win-core-file-l1-1-0.dll
0x000001d9fcd80000 - 0x000001d9fcd83000 	C:\Program Files\Java\openlogic-openjdk-8u422-b05-windows-x64\jre\bin\api-ms-win-core-file-l1-2-0.dll
0x000001d9fcd90000 - 0x000001d9fcd93000 	C:\Program Files\Java\openlogic-openjdk-8u422-b05-windows-x64\jre\bin\api-ms-win-core-file-l2-1-0.dll
0x000001d9fcda0000 - 0x000001d9fcda3000 	C:\Program Files\Java\openlogic-openjdk-8u422-b05-windows-x64\jre\bin\api-ms-win-core-handle-l1-1-0.dll
0x000001d9fcdb0000 - 0x000001d9fcdb3000 	C:\Program Files\Java\openlogic-openjdk-8u422-b05-windows-x64\jre\bin\api-ms-win-core-heap-l1-1-0.dll
0x000001d9fcdc0000 - 0x000001d9fcdc3000 	C:\Program Files\Java\openlogic-openjdk-8u422-b05-windows-x64\jre\bin\api-ms-win-core-interlocked-l1-1-0.dll
0x000001d9fcdd0000 - 0x000001d9fcdd3000 	C:\Program Files\Java\openlogic-openjdk-8u422-b05-windows-x64\jre\bin\api-ms-win-core-libraryloader-l1-1-0.dll
0x000001d9fcde0000 - 0x000001d9fcde3000 	C:\Program Files\Java\openlogic-openjdk-8u422-b05-windows-x64\jre\bin\api-ms-win-core-localization-l1-2-0.dll
0x000001d9fcdf0000 - 0x000001d9fcdf3000 	C:\Program Files\Java\openlogic-openjdk-8u422-b05-windows-x64\jre\bin\api-ms-win-core-memory-l1-1-0.dll
0x000001d9fce00000 - 0x000001d9fce03000 	C:\Program Files\Java\openlogic-openjdk-8u422-b05-windows-x64\jre\bin\api-ms-win-core-namedpipe-l1-1-0.dll
0x000001d9fce10000 - 0x000001d9fce13000 	C:\Program Files\Java\openlogic-openjdk-8u422-b05-windows-x64\jre\bin\api-ms-win-core-processenvironment-l1-1-0.dll
0x000001d9fce20000 - 0x000001d9fce23000 	C:\Program Files\Java\openlogic-openjdk-8u422-b05-windows-x64\jre\bin\api-ms-win-core-processthreads-l1-1-0.dll
0x000001d9fce30000 - 0x000001d9fce33000 	C:\Program Files\Java\openlogic-openjdk-8u422-b05-windows-x64\jre\bin\api-ms-win-core-processthreads-l1-1-1.dll
0x000001d9fce40000 - 0x000001d9fce43000 	C:\Program Files\Java\openlogic-openjdk-8u422-b05-windows-x64\jre\bin\api-ms-win-core-profile-l1-1-0.dll
0x000001d9fce50000 - 0x000001d9fce53000 	C:\Program Files\Java\openlogic-openjdk-8u422-b05-windows-x64\jre\bin\api-ms-win-core-rtlsupport-l1-1-0.dll
0x000001d9fce60000 - 0x000001d9fce63000 	C:\Program Files\Java\openlogic-openjdk-8u422-b05-windows-x64\jre\bin\api-ms-win-core-string-l1-1-0.dll
0x000001d9fce70000 - 0x000001d9fce73000 	C:\Program Files\Java\openlogic-openjdk-8u422-b05-windows-x64\jre\bin\api-ms-win-core-synch-l1-1-0.dll
0x000001d9fce80000 - 0x000001d9fce83000 	C:\Program Files\Java\openlogic-openjdk-8u422-b05-windows-x64\jre\bin\api-ms-win-core-synch-l1-2-0.dll
0x000001d9fce90000 - 0x000001d9fce93000 	C:\Program Files\Java\openlogic-openjdk-8u422-b05-windows-x64\jre\bin\api-ms-win-core-sysinfo-l1-1-0.dll
0x000001d9fcea0000 - 0x000001d9fcea3000 	C:\Program Files\Java\openlogic-openjdk-8u422-b05-windows-x64\jre\bin\api-ms-win-core-timezone-l1-1-0.dll
0x000001d9fceb0000 - 0x000001d9fceb3000 	C:\Program Files\Java\openlogic-openjdk-8u422-b05-windows-x64\jre\bin\api-ms-win-core-util-l1-1-0.dll
0x000001d9fcec0000 - 0x000001d9fcec3000 	C:\Program Files\Java\openlogic-openjdk-8u422-b05-windows-x64\jre\bin\api-ms-win-crt-conio-l1-1-0.dll
0x000001d9fced0000 - 0x000001d9fced4000 	C:\Program Files\Java\openlogic-openjdk-8u422-b05-windows-x64\jre\bin\api-ms-win-crt-convert-l1-1-0.dll
0x000001d9fcee0000 - 0x000001d9fcee3000 	C:\Program Files\Java\openlogic-openjdk-8u422-b05-windows-x64\jre\bin\api-ms-win-crt-environment-l1-1-0.dll
0x000001d9fcef0000 - 0x000001d9fcef3000 	C:\Program Files\Java\openlogic-openjdk-8u422-b05-windows-x64\jre\bin\api-ms-win-crt-filesystem-l1-1-0.dll
0x000001d9fcf00000 - 0x000001d9fcf03000 	C:\Program Files\Java\openlogic-openjdk-8u422-b05-windows-x64\jre\bin\api-ms-win-crt-heap-l1-1-0.dll
0x000001d9fcf10000 - 0x000001d9fcf13000 	C:\Program Files\Java\openlogic-openjdk-8u422-b05-windows-x64\jre\bin\api-ms-win-crt-locale-l1-1-0.dll
0x000001d9fcf20000 - 0x000001d9fcf25000 	C:\Program Files\Java\openlogic-openjdk-8u422-b05-windows-x64\jre\bin\api-ms-win-crt-math-l1-1-0.dll
0x000001d9fcf30000 - 0x000001d9fcf35000 	C:\Program Files\Java\openlogic-openjdk-8u422-b05-windows-x64\jre\bin\api-ms-win-crt-multibyte-l1-1-0.dll
0x000001d9fcf40000 - 0x000001d9fcf4f000 	C:\Program Files\Java\openlogic-openjdk-8u422-b05-windows-x64\jre\bin\api-ms-win-crt-private-l1-1-0.dll
0x000001d9fcf50000 - 0x000001d9fcf53000 	C:\Program Files\Java\openlogic-openjdk-8u422-b05-windows-x64\jre\bin\api-ms-win-crt-process-l1-1-0.dll
0x000001d9fcf60000 - 0x000001d9fcf64000 	C:\Program Files\Java\openlogic-openjdk-8u422-b05-windows-x64\jre\bin\api-ms-win-crt-runtime-l1-1-0.dll
0x000001d9fcf70000 - 0x000001d9fcf74000 	C:\Program Files\Java\openlogic-openjdk-8u422-b05-windows-x64\jre\bin\api-ms-win-crt-stdio-l1-1-0.dll
0x000001d9fcf80000 - 0x000001d9fcf84000 	C:\Program Files\Java\openlogic-openjdk-8u422-b05-windows-x64\jre\bin\api-ms-win-crt-string-l1-1-0.dll
0x000001d9fcf90000 - 0x000001d9fcf93000 	C:\Program Files\Java\openlogic-openjdk-8u422-b05-windows-x64\jre\bin\api-ms-win-crt-time-l1-1-0.dll
0x000001d9fcfa0000 - 0x000001d9fcfa3000 	C:\Program Files\Java\openlogic-openjdk-8u422-b05-windows-x64\jre\bin\api-ms-win-crt-utility-l1-1-0.dll
0x00007ff898870000 - 0x00007ff898962000 	C:\Program Files\Java\openlogic-openjdk-8u422-b05-windows-x64\jre\bin\ucrtbase.dll
0x00007ff8c8500000 - 0x00007ff8c854d000 	C:\Windows\System32\concrt140.dll
0x00007ff8cf6b0000 - 0x00007ff8cf6d3000 	C:\Program Files\Java\openlogic-openjdk-8u422-b05-windows-x64\jre\bin\prism_d3d.dll
0x00007ff8e9520000 - 0x00007ff8e96c6000 	C:\WINDOWS\system32\d3d9.dll
0x00007ff9259f0000 - 0x00007ff925a1e000 	C:\WINDOWS\SYSTEM32\dwmapi.dll
0x00007ff925a60000 - 0x00007ff925aa5000 	C:\WINDOWS\SYSTEM32\dxcore.dll
0x00007ff925310000 - 0x00007ff9253bd000 	C:\WINDOWS\system32\uxtheme.dll
0x00007ff8ae920000 - 0x00007ff8ae9db000 	C:\WINDOWS\SYSTEM32\d3d9on12.dll
0x00007ff9258a0000 - 0x00007ff9259cb000 	C:\WINDOWS\SYSTEM32\dxgi.dll
0x00007ff919a40000 - 0x00007ff919a63000 	C:\WINDOWS\SYSTEM32\d3d12.dll
0x00007ff925820000 - 0x00007ff92587c000 	C:\WINDOWS\SYSTEM32\directxdatabasehelper.dll
0x00007ff928510000 - 0x00007ff92856f000 	C:\WINDOWS\SYSTEM32\cfgmgr32.dll
0x00007ff928930000 - 0x00007ff9289c9000 	C:\WINDOWS\System32\bcryptPrimitives.dll
0x00007ff8ae6a0000 - 0x00007ff8ae916000 	C:\WINDOWS\SYSTEM32\D3D12Core.dll
0x00007ff8aec70000 - 0x00007ff8aec97000 	C:\WINDOWS\System32\DriverStore\FileRepository\iigd_dch.inf_amd64_2c21aacb05120ae0\igd12umd64.dll
0x00007ff8ad9d0000 - 0x00007ff8ae695000 	C:\WINDOWS\System32\DriverStore\FileRepository\iigd_dch.inf_amd64_2c21aacb05120ae0\igd12um64xel.dll
0x00007ff929170000 - 0x00007ff9292e6000 	C:\WINDOWS\System32\CRYPT32.dll
0x00007ff92ae00000 - 0x00007ff92af99000 	C:\WINDOWS\System32\ole32.dll
0x00007ff9281b0000 - 0x00007ff9281d6000 	C:\WINDOWS\SYSTEM32\bcrypt.dll
0x00007ff8eadb0000 - 0x00007ff8eadf3000 	C:\WINDOWS\SYSTEM32\ControlLib.dll
0x00007ff929330000 - 0x00007ff9297b5000 	C:\WINDOWS\System32\SETUPAPI.dll
0x00007ff9284e0000 - 0x00007ff92850d000 	C:\WINDOWS\SYSTEM32\DEVOBJ.dll
0x00007ff915ea0000 - 0x00007ff915f1b000 	C:\WINDOWS\System32\DriverStore\FileRepository\iigd_dch.inf_amd64_2c21aacb05120ae0\IntelControlLib.dll
0x00007ff9290f0000 - 0x00007ff92916a000 	C:\WINDOWS\System32\WINTRUST.dll
0x00007ff927fe0000 - 0x00007ff927ff3000 	C:\WINDOWS\SYSTEM32\MSASN1.dll
0x00007ff90c690000 - 0x00007ff90caa7000 	C:\WINDOWS\System32\DriverStore\FileRepository\iigd_dch.inf_amd64_2c21aacb05120ae0\igdgmm64.dll
0x00007ff907f90000 - 0x00007ff90c555000 	C:\WINDOWS\System32\DriverStore\FileRepository\iigd_dch.inf_amd64_2c21aacb05120ae0\igc64.dll
0x00007ff8ad990000 - 0x00007ff8ad9be000 	C:\WINDOWS\SYSTEM32\D3DSCache.dll
0x00007ff927d70000 - 0x00007ff927d9b000 	C:\WINDOWS\SYSTEM32\USERENV.dll
0x00007ff8ac5d0000 - 0x00007ff8ad98e000 	C:\WINDOWS\System32\DriverStore\FileRepository\iigd_dch.inf_amd64_2c21aacb05120ae0\igd12dxva64.dll
0x00007ff929870000 - 0x00007ff929946000 	C:\WINDOWS\System32\OLEAUT32.dll
0x00007ff8aa860000 - 0x00007ff8ac5c8000 	C:\WINDOWS\System32\DriverStore\FileRepository\iigd_dch.inf_amd64_2c21aacb05120ae0\media_bin_64.dll
0x00007ff8aa830000 - 0x00007ff8aa857000 	C:\WINDOWS\System32\DriverStore\FileRepository\iigd_dch.inf_amd64_2c21aacb05120ae0\igdinfo64.dll
0x00007ff906120000 - 0x00007ff906357000 	C:\WINDOWS\SYSTEM32\twinapi.appcore.dll
0x00007ff8b9250000 - 0x00007ff8b9292000 	C:\Program Files\Java\openlogic-openjdk-8u422-b05-windows-x64\jre\bin\glass.dll
0x00007ff92aff0000 - 0x00007ff92b0dd000 	C:\WINDOWS\System32\COMDLG32.dll
0x00007ff92a490000 - 0x00007ff92a5eb000 	C:\WINDOWS\System32\MSCTF.dll
0x00007ff91a4f0000 - 0x00007ff91a504000 	C:\Program Files\Java\openlogic-openjdk-8u422-b05-windows-x64\jre\bin\javafx_font.dll
0x00007ff921350000 - 0x00007ff9215b5000 	C:\WINDOWS\SYSTEM32\dwrite.dll
0x00007ff92a850000 - 0x00007ff92a8f8000 	C:\WINDOWS\System32\clbcatq.dll
0x00007ff9250a0000 - 0x00007ff9252ca000 	C:\WINDOWS\SYSTEM32\WindowsCodecs.dll
0x00007ff8d8b00000 - 0x00007ff8d8b5a000 	C:\WINDOWS\system32\dataexchange.dll
0x00007ff8d7a70000 - 0x00007ff8d7a9c000 	C:\Program Files\Common Files\Microsoft Shared\Ink\rtscom.dll
0x00007ff9133a0000 - 0x00007ff9134e5000 	C:\WINDOWS\SYSTEM32\textinputframework.dll
0x00007ff922040000 - 0x00007ff922165000 	C:\WINDOWS\SYSTEM32\CoreMessaging.dll
0x00007ff9134f0000 - 0x00007ff9137d3000 	C:\WINDOWS\SYSTEM32\CoreUIComponents.dll
0x00007ff923ea0000 - 0x00007ff924008000 	C:\WINDOWS\SYSTEM32\wintypes.dll
0x00007ff927f90000 - 0x00007ff927f9c000 	C:\WINDOWS\SYSTEM32\CRYPTBASE.DLL
0x00007ff8e6010000 - 0x00007ff8e6021000 	C:\Program Files\Java\openlogic-openjdk-8u422-b05-windows-x64\jre\bin\prism_common.dll
0x00007ff8578e0000 - 0x00007ff85c578000 	C:\Program Files\Java\javafx-sdk-22.0.2\bin\jfxwebkit.dll
0x00007ff8b9200000 - 0x00007ff8b9241000 	C:\WINDOWS\SYSTEM32\MSVCP140_2.dll
0x00007ff927f70000 - 0x00007ff927f8c000 	C:\WINDOWS\SYSTEM32\CRYPTSP.dll
0x00007ff927730000 - 0x00007ff927768000 	C:\WINDOWS\system32\rsaenh.dll

VM Arguments:
jvm_args: -Dfile.encoding=UTF-8 -Dstdout.encoding=UTF-8 -Dstderr.encoding=UTF-8 
java_command: application.Main
java_class_path (initial): C:\eclipse\Cloud_Storage_Management\bin;C:\Users\Acer\.p2\pool\plugins\org.eclipse.fx.ide.css.jfx8_3.10.0.202303150700.jar;C:\Program Files\Java\jfoenix-8.0.10.jar
Launcher Type: SUN_STANDARD

Environment Variables:
PATH=C:\Python312\Scripts\;C:\Python312\;C:\Program Files\Common Files\Oracle\Java\javapath;C:\Program Files (x86)\Common Files\Oracle\Java\java8path;C:\Program Files (x86)\Common Files\Oracle\Java\javapath;C:\Windows\system32;C:\Windows;C:\Windows\System32\Wbem;C:\Windows\System32\WindowsPowerShell\v1.0\;C:\Windows\System32\OpenSSH\;C:\Program Files (x86)\NVIDIA Corporation\PhysX\Common;C:\ProgramData\chocolatey\bin;C:\Program Files\dotnet\;C:\MinGW\bin;C:\Program Files\Java\jdk-22\bin;;%SystemRoot%\system32;%SystemRoot%;%SystemRoot%\System32\Wbem;%SYSTEMROOT%\System32\WindowsPowerShell\v1.0\;%SYSTEMROOT%\System32\OpenSSH\;C:\Users\Acer\AppData\Local\Programs\Microsoft VS Code\bin;D:\IntelliJ IDEA 2024.2.1\bin;;C:\Program Files\JetBrains\IntelliJ IDEA Community Edition 2024.2.1\bin;;C:\Program Files\Java\javafx-sdk-22.0.2\bin;;C:\Users\Acer\AppData\Local\Microsoft\WindowsApps
USERNAME=Ashish
OS=Windows_NT
PROCESSOR_IDENTIFIER=Intel64 Family 6 Model 186 Stepping 2, GenuineIntel



---------------  S Y S T E M  ---------------

OS: Windows 11 , 64 bit Build 26100 (10.0.26100.2161)

CPU:total 12 (initial active 12) (6 cores per cpu, 2 threads per core) family 6 model 186 stepping 2, cmov, cx8, fxsr, mmx, sse, sse2, sse3, ssse3, sse4.1, sse4.2, popcnt, avx, avx2, aes, clmul, erms, 3dnowpref, lzcnt, ht, tsc, tscinvbit, bmi1, bmi2, adx

Memory: 4k page, physical 16473976k(4574316k free), swap 19619704k(1668324k free)

vm_info: OpenJDK 64-Bit Server VM (25.422-b05) for windows-amd64 JRE (1.8.0_422-422-b05), built on Jul 18 2024 05:34:18 by "Administrator" with MS VC++ 16.10 / 16.11 (VS2019)

time: Wed Oct 30 16:51:47 2024
timezone: India Standard Time
elapsed time: 23.525876 seconds (0d 0h 0m 23s)

