#
# A fatal error has been detected by the Java Runtime Environment:
#
#  EXCEPTION_ACCESS_VIOLATION (0xc0000005) at pc=0x00000000655b5269, pid=25596, tid=0x0000000000006894
#
# JRE version: OpenJDK Runtime Environment (8.0_422-b05) (build 1.8.0_422-422-b05)
# Java VM: OpenJDK 64-Bit Server VM (25.422-b05 mixed mode windows-amd64 compressed oops)
# Problematic frame:
# V  [jvm.dll+0x135269]
#
# Failed to write core dump. Minidumps are not enabled by default on client versions of Windows
#
# If you would like to submit a bug report, please visit:
#   http://bugreport.java.com/bugreport/crash.jsp
#

---------------  T H R E A D  ---------------

Current thread (0x000001d419ee1000):  JavaThread "JavaFX Application Thread" [_thread_in_vm, id=26772, stack(0x0000006cd6a00000,0x0000006cd6b00000)]

siginfo: ExceptionCode=0xc0000005, reading address 0x0000000000000000

Registers:
RAX=0x0000000000000000, RBX=0x000001d419ee1000, RCX=0x000001d419ee1000, RDX=0x000001d419a78378
RSP=0x0000006cd6af6b90, RBP=0x0000006cd6af6c88, RSI=0x0000000000000000, RDI=0x000001d419ee1260
R8 =0x0000000000000000, R9 =0x0000006cd6af6c88, R10=0x00000000655b51a0, R11=0x0000000000000020
R12=0x000001d425318170, R13=0x000001d4253181d0, R14=0x0000000000000000, R15=0x000001d419ee1260
RIP=0x00000000655b5269, EFLAGS=0x0000000000010246

Top of Stack: (sp=0x0000006cd6af6b90)
0x0000006cd6af6b90:   000001d419ee1000 0000000000000000
0x0000006cd6af6ba0:   0000000000000020 0000000000000020
0x0000006cd6af6bb0:   000001d425318170 0000000000000000
0x0000006cd6af6bc0:   000001d4253181d0 000001d425318170
0x0000006cd6af6bd0:   0000000000000020 0000006cd6af6cc8
0x0000006cd6af6be0:   000001d419ee1000 000001d41992c1b8
0x0000006cd6af6bf0:   000001d400000631 0000000065a7d5d0
0x0000006cd6af6c00:   000001d47212c280 0000000065a7d5d0
0x0000006cd6af6c10:   0000000000000000 00007ff85988c23f
0x0000006cd6af6c20:   000001d47212c280 000001d400000000
0x0000006cd6af6c30:   0000000000000000 00007ff85798fe30
0x0000006cd6af6c40:   000001d419ec3388 0000006cd6af6d70
0x0000006cd6af6c50:   000001d419ec33a0 000001d419ec33a8
0x0000006cd6af6c60:   0000006cd6af6d70 00007ff857bb802b
0x0000006cd6af6c70:   000001d424ba1a10 000001d419ec3388
0x0000006cd6af6c80:   0000000000000000 000001d419ec3388 

Instructions: (pc=0x00000000655b5269)
0x00000000655b5249:   00 00 06 00 00 00 48 89 5c 24 50 4c 89 74 24 58
0x00000000655b5259:   4c 39 73 08 74 0a 48 8d 4c 24 50 e8 b7 e4 12 00
0x00000000655b5269:   48 8b 06 48 8d 4c 24 70 c7 44 24 40 0c 00 00 00
0x00000000655b5279:   48 8b 50 08 0f b7 42 24 48 8b 52 08 48 8b 54 c2 


Register to memory mapping:

RAX=0x0000000000000000 is an unknown value
RBX=0x000001d419ee1000 is a thread
RCX=0x000001d419ee1000 is a thread
RDX=0x000001d419a78378 is a global jni handle
RSP=0x0000006cd6af6b90 is pointing into the stack for thread: 0x000001d419ee1000
RBP=0x0000006cd6af6c88 is pointing into the stack for thread: 0x000001d419ee1000
RSI=0x0000000000000000 is an unknown value
RDI=0x000001d419ee1260 is an unknown value
R8 =0x0000000000000000 is an unknown value
R9 =0x0000006cd6af6c88 is pointing into the stack for thread: 0x000001d419ee1000
R10=0x00000000655b51a0 is an unknown value
R11=0x0000000000000020 is an unknown value
R12=0x000001d425318170 is an unknown value
R13=0x000001d4253181d0 is an unknown value
R14=0x0000000000000000 is an unknown value
R15=0x000001d419ee1260 is an unknown value


Stack: [0x0000006cd6a00000,0x0000006cd6b00000],  sp=0x0000006cd6af6b90,  free space=986k
Native frames: (J=compiled Java code, j=interpreted, Vv=VM code, C=native code)
V  [jvm.dll+0x135269]
C  [jfxwebkit.dll+0xafe30]
C  [jfxwebkit.dll+0x2d802b]
C  [jfxwebkit.dll+0x2d8317]
C  [jfxwebkit.dll+0x2da810]
C  [jfxwebkit.dll+0x3a0327]
C  [jfxwebkit.dll+0x45e235]
C  [jfxwebkit.dll+0x2b719]
C  [jfxwebkit.dll+0x2b4d3]
C  [jfxwebkit.dll+0x2a0b6]
C  [jfxwebkit.dll+0x44dc3a]
C  [jfxwebkit.dll+0x44e1b8]
C  [jfxwebkit.dll+0x44e0e6]
C  [jfxwebkit.dll+0x44db0a]
C  [jfxwebkit.dll+0x460339]
C  [jfxwebkit.dll+0x44bbf4]
C  [jfxwebkit.dll+0x461094]
C  [jfxwebkit.dll+0x456a30]
C  [jfxwebkit.dll+0x450122]
C  [jfxwebkit.dll+0x2ab3a]
C  [jfxwebkit.dll+0xbf462a]
C  [jfxwebkit.dll+0xbfc36d]
C  [jfxwebkit.dll+0xbfabb6]
C  [jfxwebkit.dll+0x30ef3a]
C  [jfxwebkit.dll+0x306a83]
C  [jfxwebkit.dll+0x31afbe]
C  [jfxwebkit.dll+0x317bc6]
C  [jfxwebkit.dll+0x3b2e93]
C  [jfxwebkit.dll+0x3b68c3]
C  [jfxwebkit.dll+0x3b314a]
C  [jfxwebkit.dll+0x465d76]
C  [jfxwebkit.dll+0x468a8b]
C  [jfxwebkit.dll+0xb83a7]
C  [jfxwebkit.dll+0x469e24]
C  [jfxwebkit.dll+0x3c30e1]
C  [jfxwebkit.dll+0x3be748]
C  [jfxwebkit.dll+0x3beb28]
C  [jfxwebkit.dll+0xc62de]
C  0x000001d400019c8e

Java frames: (J=compiled Java code, j=interpreted, Vv=VM code)
j  com.sun.webkit.WebPage.twkOpen(JLjava/lang/String;)V+0
j  com.sun.webkit.WebPage.open(JLjava/lang/String;)V+106
j  javafx.scene.web.WebEngine.load(Ljava/lang/String;)V+96
j  PDFView.PDFViewController.openPDF()V+67
j  Main_Interface.Main_Interface_Controller.LoadPdfController(Ljavafx/event/ActionEvent;)V+62
v  ~StubRoutines::call_stub
j  sun.reflect.NativeMethodAccessorImpl.invoke0(Ljava/lang/reflect/Method;Ljava/lang/Object;[Ljava/lang/Object;)Ljava/lang/Object;+0
j  sun.reflect.NativeMethodAccessorImpl.invoke(Ljava/lang/Object;[Ljava/lang/Object;)Ljava/lang/Object;+100
J 1166 C1 sun.reflect.DelegatingMethodAccessorImpl.invoke(Ljava/lang/Object;[Ljava/lang/Object;)Ljava/lang/Object; (10 bytes) @ 0x000001d4003fdc0c [0x000001d4003fdb00+0x10c]
J 1165 C1 java.lang.reflect.Method.invoke(Ljava/lang/Object;[Ljava/lang/Object;)Ljava/lang/Object; (62 bytes) @ 0x000001d4003fe3b4 [0x000001d4003fdfc0+0x3f4]
j  sun.reflect.misc.Trampoline.invoke(Ljava/lang/reflect/Method;Ljava/lang/Object;[Ljava/lang/Object;)Ljava/lang/Object;+7
j  sun.reflect.GeneratedMethodAccessor1.invoke(Ljava/lang/Object;[Ljava/lang/Object;)Ljava/lang/Object;+40
J 1166 C1 sun.reflect.DelegatingMethodAccessorImpl.invoke(Ljava/lang/Object;[Ljava/lang/Object;)Ljava/lang/Object; (10 bytes) @ 0x000001d4003fdc0c [0x000001d4003fdb00+0x10c]
J 1165 C1 java.lang.reflect.Method.invoke(Ljava/lang/Object;[Ljava/lang/Object;)Ljava/lang/Object; (62 bytes) @ 0x000001d4003fe3b4 [0x000001d4003fdfc0+0x3f4]
j  sun.reflect.misc.MethodUtil.invoke(Ljava/lang/reflect/Method;Ljava/lang/Object;[Ljava/lang/Object;)Ljava/lang/Object;+20
j  javafx.fxml.FXMLLoader$MethodHandler.invoke([Ljava/lang/Object;)V+19
j  javafx.fxml.FXMLLoader$ControllerMethodEventHandler.handle(Ljavafx/event/Event;)V+12
j  com.sun.javafx.event.CompositeEventHandler.dispatchBubblingEvent(Ljavafx/event/Event;)V+51
J 1560 C1 com.sun.javafx.event.EventHandlerManager.dispatchBubblingEvent(Ljavafx/event/Event;)Ljavafx/event/Event; (23 bytes) @ 0x000001d4004d5ce4 [0x000001d4004d5660+0x684]
J 1559 C1 com.sun.javafx.event.CompositeEventDispatcher.dispatchBubblingEvent(Ljavafx/event/Event;)Ljavafx/event/Event; (35 bytes) @ 0x000001d4004d665c [0x000001d4004d64a0+0x1bc]
J 1578 C1 com.sun.javafx.event.BasicEventDispatcher.dispatchEvent(Ljavafx/event/Event;Ljavafx/event/EventDispatchChain;)Ljavafx/event/Event; (44 bytes) @ 0x000001d4004df53c [0x000001d4004df200+0x33c]
J 1486 C1 com.sun.javafx.event.EventDispatchChainImpl.dispatchEvent(Ljavafx/event/Event;)Ljavafx/event/Event; (101 bytes) @ 0x000001d4004b62fc [0x000001d4004b6140+0x1bc]
J 1578 C1 com.sun.javafx.event.BasicEventDispatcher.dispatchEvent(Ljavafx/event/Event;Ljavafx/event/EventDispatchChain;)Ljavafx/event/Event; (44 bytes) @ 0x000001d4004df454 [0x000001d4004df200+0x254]
J 1486 C1 com.sun.javafx.event.EventDispatchChainImpl.dispatchEvent(Ljavafx/event/Event;)Ljavafx/event/Event; (101 bytes) @ 0x000001d4004b62fc [0x000001d4004b6140+0x1bc]
J 1578 C1 com.sun.javafx.event.BasicEventDispatcher.dispatchEvent(Ljavafx/event/Event;Ljavafx/event/EventDispatchChain;)Ljavafx/event/Event; (44 bytes) @ 0x000001d4004df454 [0x000001d4004df200+0x254]
J 1486 C1 com.sun.javafx.event.EventDispatchChainImpl.dispatchEvent(Ljavafx/event/Event;)Ljavafx/event/Event; (101 bytes) @ 0x000001d4004b62fc [0x000001d4004b6140+0x1bc]
J 2302 C1 com.sun.javafx.event.EventUtil.fireEventImpl(Ljavafx/event/EventDispatchChain;Ljavafx/event/EventTarget;Ljavafx/event/Event;)Ljavafx/event/Event; (16 bytes) @ 0x000001d400700c9c [0x000001d400700b40+0x15c]
j  com.sun.javafx.event.EventUtil.fireEvent(Ljavafx/event/EventTarget;Ljavafx/event/Event;)Ljavafx/event/Event;+37
j  javafx.event.Event.fireEvent(Ljavafx/event/EventTarget;Ljavafx/event/Event;)V+30
j  javafx.scene.Node.fireEvent(Ljavafx/event/Event;)V+86
j  javafx.scene.control.Button.fire()V+15
j  com.sun.javafx.scene.control.behavior.ButtonBehavior.mouseReleased(Ljavafx/scene/input/MouseEvent;)V+23
j  com.sun.javafx.scene.control.skin.BehaviorSkinBase$1.handle(Ljavafx/scene/input/MouseEvent;)V+83
j  com.sun.javafx.scene.control.skin.BehaviorSkinBase$1.handle(Ljavafx/event/Event;)V+5
j  com.sun.javafx.event.CompositeEventHandler$NormalEventHandlerRecord.handleBubblingEvent(Ljavafx/event/Event;)V+5
j  com.sun.javafx.event.CompositeEventHandler.dispatchBubblingEvent(Ljavafx/event/Event;)V+28
J 1560 C1 com.sun.javafx.event.EventHandlerManager.dispatchBubblingEvent(Ljavafx/event/Event;)Ljavafx/event/Event; (23 bytes) @ 0x000001d4004d5ce4 [0x000001d4004d5660+0x684]
J 1559 C1 com.sun.javafx.event.CompositeEventDispatcher.dispatchBubblingEvent(Ljavafx/event/Event;)Ljavafx/event/Event; (35 bytes) @ 0x000001d4004d665c [0x000001d4004d64a0+0x1bc]
J 1578 C1 com.sun.javafx.event.BasicEventDispatcher.dispatchEvent(Ljavafx/event/Event;Ljavafx/event/EventDispatchChain;)Ljavafx/event/Event; (44 bytes) @ 0x000001d4004df53c [0x000001d4004df200+0x33c]
J 1486 C1 com.sun.javafx.event.EventDispatchChainImpl.dispatchEvent(Ljavafx/event/Event;)Ljavafx/event/Event; (101 bytes) @ 0x000001d4004b62fc [0x000001d4004b6140+0x1bc]
J 1578 C1 com.sun.javafx.event.BasicEventDispatcher.dispatchEvent(Ljavafx/event/Event;Ljavafx/event/EventDispatchChain;)Ljavafx/event/Event; (44 bytes) @ 0x000001d4004df454 [0x000001d4004df200+0x254]
J 1486 C1 com.sun.javafx.event.EventDispatchChainImpl.dispatchEvent(Ljavafx/event/Event;)Ljavafx/event/Event; (101 bytes) @ 0x000001d4004b62fc [0x000001d4004b6140+0x1bc]
J 1578 C1 com.sun.javafx.event.BasicEventDispatcher.dispatchEvent(Ljavafx/event/Event;Ljavafx/event/EventDispatchChain;)Ljavafx/event/Event; (44 bytes) @ 0x000001d4004df454 [0x000001d4004df200+0x254]
J 1486 C1 com.sun.javafx.event.EventDispatchChainImpl.dispatchEvent(Ljavafx/event/Event;)Ljavafx/event/Event; (101 bytes) @ 0x000001d4004b62fc [0x000001d4004b6140+0x1bc]
J 2302 C1 com.sun.javafx.event.EventUtil.fireEventImpl(Ljavafx/event/EventDispatchChain;Ljavafx/event/EventTarget;Ljavafx/event/Event;)Ljavafx/event/Event; (16 bytes) @ 0x000001d400700c9c [0x000001d400700b40+0x15c]
j  com.sun.javafx.event.EventUtil.fireEvent(Ljavafx/event/EventTarget;Ljavafx/event/Event;)Ljavafx/event/Event;+46
J 2305 C1 javafx.scene.Scene$MouseHandler.process(Ljavafx/scene/input/MouseEvent;Z)V (735 bytes) @ 0x000001d400706a1c [0x000001d400703ee0+0x2b3c]
J 2304 C1 javafx.scene.Scene$MouseHandler.access$1500(Ljavafx/scene/Scene$MouseHandler;Ljavafx/scene/input/MouseEvent;Z)V (7 bytes) @ 0x000001d40070185c [0x000001d400701800+0x5c]
j  javafx.scene.Scene.impl_processMouseEvent(Ljavafx/scene/input/MouseEvent;)V+6
j  javafx.scene.Scene$ScenePeerListener.mouseEvent(Ljavafx/event/EventType;DDDDLjavafx/scene/input/MouseButton;ZZZZZZZZZ)V+46
j  com.sun.javafx.tk.quantum.GlassViewEventHandler$MouseEventNotification.run()Ljava/lang/Void;+571
J 2629 C1 com.sun.javafx.tk.quantum.GlassViewEventHandler$MouseEventNotification.run()Ljava/lang/Object; (5 bytes) @ 0x000001d40080c1cc [0x000001d40080c140+0x8c]
v  ~StubRoutines::call_stub
J 1418  java.security.AccessController.doPrivileged(Ljava/security/PrivilegedAction;Ljava/security/AccessControlContext;)Ljava/lang/Object; (0 bytes) @ 0x000001d40048eaa6 [0x000001d40048ea40+0x66]
j  com.sun.javafx.tk.quantum.GlassViewEventHandler.lambda$handleMouseEvent$2()Ljava/lang/Void;+11
j  com.sun.javafx.tk.quantum.GlassViewEventHandler$$Lambda$201.get()Ljava/lang/Object;+4
J 2317 C1 com.sun.javafx.tk.quantum.QuantumToolkit.runWithoutRenderLock(Ljava/util/function/Supplier;)Ljava/lang/Object; (49 bytes) @ 0x000001d400712124 [0x000001d400711be0+0x544]
j  com.sun.javafx.tk.quantum.GlassViewEventHandler.handleMouseEvent(Lcom/sun/glass/ui/View;JIIIIIIIZZ)V+103
J 2627 C1 com.sun.glass.ui.View.notifyMouse(IIIIIIIZZ)V (221 bytes) @ 0x000001d400810edc [0x000001d40080fde0+0x10fc]
v  ~StubRoutines::call_stub
j  com.sun.glass.ui.win.WinApplication._runLoop(Ljava/lang/Runnable;)V+0
j  com.sun.glass.ui.win.WinApplication.lambda$null$3(ILjava/lang/Runnable;)V+8
j  com.sun.glass.ui.win.WinApplication$$Lambda$37.run()V+12
j  java.lang.Thread.run()V+11
v  ~StubRoutines::call_stub

---------------  P R O C E S S  ---------------

Java Threads: ( => current thread )
  0x000001d425063000 JavaThread "Disposer" daemon [_thread_blocked, id=3268, stack(0x0000006cd7300000,0x0000006cd7400000)]
  0x000001d42486c800 JavaThread "Prism Font Disposer" daemon [_thread_blocked, id=14504, stack(0x0000006cd7100000,0x0000006cd7200000)]
  0x000001d41a0cc800 JavaThread "Thread-3" daemon [_thread_in_native, id=10620, stack(0x0000006cd6c00000,0x0000006cd6d00000)]
  0x000001d41a127000 JavaThread "JavaFX-Launcher" [_thread_blocked, id=14676, stack(0x0000006cd6d00000,0x0000006cd6e00000)]
=>0x000001d419ee1000 JavaThread "JavaFX Application Thread" [_thread_in_vm, id=26772, stack(0x0000006cd6a00000,0x0000006cd6b00000)]
  0x000001d419f60800 JavaThread "Thread-1" daemon [_thread_blocked, id=23120, stack(0x0000006cd6900000,0x0000006cd6a00000)]
  0x000001d41998c800 JavaThread "QuantumRenderer-0" daemon [_thread_blocked, id=25492, stack(0x0000006cd6400000,0x0000006cd6500000)]
  0x000001d47faee800 JavaThread "Service Thread" daemon [_thread_blocked, id=22776, stack(0x0000006cd6200000,0x0000006cd6300000)]
  0x000001d47fac8000 JavaThread "C1 CompilerThread3" daemon [_thread_blocked, id=20384, stack(0x0000006cd6100000,0x0000006cd6200000)]
  0x000001d47fac7000 JavaThread "C2 CompilerThread2" daemon [_thread_blocked, id=25980, stack(0x0000006cd6000000,0x0000006cd6100000)]
  0x000001d47fac4000 JavaThread "C2 CompilerThread1" daemon [_thread_blocked, id=20872, stack(0x0000006cd5f00000,0x0000006cd6000000)]
  0x000001d47fac0800 JavaThread "C2 CompilerThread0" daemon [_thread_blocked, id=19020, stack(0x0000006cd5e00000,0x0000006cd5f00000)]
  0x000001d47fabb800 JavaThread "Attach Listener" daemon [_thread_blocked, id=24220, stack(0x0000006cd5d00000,0x0000006cd5e00000)]
  0x000001d47fab8800 JavaThread "Signal Dispatcher" daemon [_thread_blocked, id=26744, stack(0x0000006cd5c00000,0x0000006cd5d00000)]
  0x000001d47fa92800 JavaThread "Finalizer" daemon [_thread_blocked, id=2076, stack(0x0000006cd5b00000,0x0000006cd5c00000)]
  0x000001d47fa8a800 JavaThread "Reference Handler" daemon [_thread_blocked, id=26432, stack(0x0000006cd5a00000,0x0000006cd5b00000)]
  0x000001d47c3cc800 JavaThread "main" [_thread_blocked, id=13004, stack(0x0000006cd4e00000,0x0000006cd4f00000)]

Other Threads:
  0x000001d47fa59800 VMThread [stack: 0x0000006cd5900000,0x0000006cd5a00000] [id=22080]
  0x000001d419607800 WatcherThread [stack: 0x0000006cd6300000,0x0000006cd6400000] [id=23660]

VM state:not at safepoint (normal execution)

VM Mutex/Monitor currently owned by a thread: None

heap address: 0x00000006c4a00000, size: 4022 MB, Compressed Oops mode: Zero based, Oop shift amount: 3
Narrow klass base: 0x0000000000000000, Narrow klass shift: 3
Compressed class space size: 1073741824 Address: 0x00000007c0000000

Heap:
 PSYoungGen      total 75264K, used 2310K [0x000000076c380000, 0x0000000771780000, 0x00000007c0000000)
  eden space 64512K, 3% used [0x000000076c380000,0x000000076c5c1a78,0x0000000770280000)
  from space 10752K, 0% used [0x0000000770280000,0x0000000770280000,0x0000000770d00000)
  to   space 10752K, 0% used [0x0000000770d00000,0x0000000770d00000,0x0000000771780000)
 ParOldGen       total 75264K, used 9417K [0x00000006c4a00000, 0x00000006c9380000, 0x000000076c380000)
  object space 75264K, 12% used [0x00000006c4a00000,0x00000006c5332758,0x00000006c9380000)
 Metaspace       used 20795K, capacity 21658K, committed 21760K, reserved 1069056K
  class space    used 2835K, capacity 3045K, committed 3072K, reserved 1048576K

Card table byte_map: [0x000001d47e3f0000,0x000001d47ebd0000] byte_map_base: 0x000001d47adcb000

Marking Bits: (ParMarkBitMap*) 0x0000000065c9f8e0
 Begin Bits: [0x000001d40f000000, 0x000001d412ed8000)
 End Bits:   [0x000001d412ed8000, 0x000001d416db0000)

Polling page: 0x000001d47c600000

CodeCache: size=245760Kb used=9071Kb max_used=9078Kb free=236688Kb
 bounds [0x000001d400000000, 0x000001d4008f0000, 0x000001d40f000000]
 total_blobs=3593 nmethods=2903 adapters=602
 compilation: enabled

Compilation events (10 events):
Event: 14.490 Thread 0x000001d47fac8000 nmethod 2897 0x000001d4008daf50 code [0x000001d4008db0c0, 0x000001d4008db2f0]
Event: 14.490 Thread 0x000001d47fac8000 2899       3       java.util.zip.ZipFile$ZipFileInputStream::finalize (5 bytes)
Event: 14.491 Thread 0x000001d47fac8000 nmethod 2899 0x000001d4008db3d0 code [0x000001d4008db540, 0x000001d4008db6d0]
Event: 14.502 Thread 0x000001d47fac4000 nmethod 2900 0x000001d4008e0a10 code [0x000001d4008e0bc0, 0x000001d4008e1f30]
Event: 14.502 Thread 0x000001d47fac8000 2902       3       java.io.File::exists (43 bytes)
Event: 14.502 Thread 0x000001d47fac8000 nmethod 2902 0x000001d4008e02d0 code [0x000001d4008e0460, 0x000001d4008e08f0]
Event: 14.508 Thread 0x000001d47fac8000 2904       3       java.util.logging.LogManager::getProperty (9 bytes)
Event: 14.508 Thread 0x000001d47fac8000 nmethod 2904 0x000001d4008de910 code [0x000001d4008dea80, 0x000001d4008decb0]
Event: 14.508 Thread 0x000001d47fac8000 2903       1       java.util.logging.LogManager::access$500 (5 bytes)
Event: 14.509 Thread 0x000001d47fac8000 nmethod 2903 0x000001d4008de650 code [0x000001d4008de7a0, 0x000001d4008de898]

GC Heap History (4 events):
Event: 14.463 GC heap before
{Heap before GC invocations=1 (full 0):
 PSYoungGen      total 75264K, used 60943K [0x000000076c380000, 0x0000000771780000, 0x00000007c0000000)
  eden space 64512K, 94% used [0x000000076c380000,0x000000076ff03fb0,0x0000000770280000)
  from space 10752K, 0% used [0x0000000770d00000,0x0000000770d00000,0x0000000771780000)
  to   space 10752K, 0% used [0x0000000770280000,0x0000000770280000,0x0000000770d00000)
 ParOldGen       total 172032K, used 0K [0x00000006c4a00000, 0x00000006cf200000, 0x000000076c380000)
  object space 172032K, 0% used [0x00000006c4a00000,0x00000006c4a00000,0x00000006cf200000)
 Metaspace       used 20311K, capacity 21146K, committed 21248K, reserved 1067008K
  class space    used 2767K, capacity 2981K, committed 3072K, reserved 1048576K
Event: 14.467 GC heap after
Heap after GC invocations=1 (full 0):
 PSYoungGen      total 75264K, used 10740K [0x000000076c380000, 0x0000000771780000, 0x00000007c0000000)
  eden space 64512K, 0% used [0x000000076c380000,0x000000076c380000,0x0000000770280000)
  from space 10752K, 99% used [0x0000000770280000,0x0000000770cfd338,0x0000000770d00000)
  to   space 10752K, 0% used [0x0000000770d00000,0x0000000770d00000,0x0000000771780000)
 ParOldGen       total 172032K, used 859K [0x00000006c4a00000, 0x00000006cf200000, 0x000000076c380000)
  object space 172032K, 0% used [0x00000006c4a00000,0x00000006c4ad6ca0,0x00000006cf200000)
 Metaspace       used 20311K, capacity 21146K, committed 21248K, reserved 1067008K
  class space    used 2767K, capacity 2981K, committed 3072K, reserved 1048576K
}
Event: 14.467 GC heap before
{Heap before GC invocations=2 (full 1):
 PSYoungGen      total 75264K, used 10740K [0x000000076c380000, 0x0000000771780000, 0x00000007c0000000)
  eden space 64512K, 0% used [0x000000076c380000,0x000000076c380000,0x0000000770280000)
  from space 10752K, 99% used [0x0000000770280000,0x0000000770cfd338,0x0000000770d00000)
  to   space 10752K, 0% used [0x0000000770d00000,0x0000000770d00000,0x0000000771780000)
 ParOldGen       total 172032K, used 859K [0x00000006c4a00000, 0x00000006cf200000, 0x000000076c380000)
  object space 172032K, 0% used [0x00000006c4a00000,0x00000006c4ad6ca0,0x00000006cf200000)
 Metaspace       used 20311K, capacity 21146K, committed 21248K, reserved 1067008K
  class space    used 2767K, capacity 2981K, committed 3072K, reserved 1048576K
Event: 14.486 GC heap after
Heap after GC invocations=2 (full 1):
 PSYoungGen      total 75264K, used 0K [0x000000076c380000, 0x0000000771780000, 0x00000007c0000000)
  eden space 64512K, 0% used [0x000000076c380000,0x000000076c380000,0x0000000770280000)
  from space 10752K, 0% used [0x0000000770280000,0x0000000770280000,0x0000000770d00000)
  to   space 10752K, 0% used [0x0000000770d00000,0x0000000770d00000,0x0000000771780000)
 ParOldGen       total 75264K, used 9417K [0x00000006c4a00000, 0x00000006c9380000, 0x000000076c380000)
  object space 75264K, 12% used [0x00000006c4a00000,0x00000006c5332758,0x00000006c9380000)
 Metaspace       used 20311K, capacity 21146K, committed 21248K, reserved 1067008K
  class space    used 2767K, capacity 2981K, committed 3072K, reserved 1048576K
}

Deoptimization events (10 events):
Event: 7.851 Thread 0x000001d41998c800 Uncommon trap: reason=unstable_if action=reinterpret pc=0x000001d4006ce104 method=java.lang.Math.round(F)I @ 36
Event: 8.982 Thread 0x000001d41998c800 Uncommon trap: reason=unstable_if action=reinterpret pc=0x000001d40075693c method=java.lang.StrictMath.floorOrCeil(DDDD)D @ 14
Event: 9.322 Thread 0x000001d419ee1000 Uncommon trap: reason=unstable_if action=reinterpret pc=0x000001d400892dbc method=java.util.ArrayList.indexOf(Ljava/lang/Object;)I @ 1
Event: 14.490 Thread 0x000001d47fa92800 Uncommon trap: reason=unstable_if action=reinterpret pc=0x000001d4004cf21c method=java.lang.ref.ReferenceQueue.poll()Ljava/lang/ref/Reference; @ 4
Event: 14.496 Thread 0x000001d419ee1000 Uncommon trap: reason=bimorphic action=maybe_recompile pc=0x000001d40076becc method=java.lang.ThreadLocal.get()Ljava/lang/Object; @ 6
Event: 14.496 Thread 0x000001d419ee1000 Uncommon trap: reason=bimorphic action=maybe_recompile pc=0x000001d40076becc method=java.lang.ThreadLocal.get()Ljava/lang/Object; @ 6
Event: 14.497 Thread 0x000001d419ee1000 Uncommon trap: reason=bimorphic action=maybe_recompile pc=0x000001d40076becc method=java.lang.ThreadLocal.get()Ljava/lang/Object; @ 6
Event: 14.497 Thread 0x000001d419ee1000 Uncommon trap: reason=bimorphic action=maybe_recompile pc=0x000001d40076becc method=java.lang.ThreadLocal.get()Ljava/lang/Object; @ 6
Event: 14.508 Thread 0x000001d419ee1000 Uncommon trap: reason=unstable_if action=reinterpret pc=0x000001d4006ce354 method=java.lang.ref.ReferenceQueue.poll()Ljava/lang/ref/Reference; @ 4
Event: 14.509 Thread 0x000001d419ee1000 Uncommon trap: reason=unstable_if action=reinterpret pc=0x000001d40025ef68 method=java.lang.AbstractStringBuilder.append(Ljava/lang/String;)Ljava/lang/AbstractStringBuilder; @ 1

Classes redefined (0 events):
No events

Internal exceptions (10 events):
Event: 9.301 Thread 0x000001d419ee1000 Exception <a 'java/io/FileNotFoundException'> (0x000000076fbf3218) thrown at [C:\jenkins\workspace\openjdk-build\jdk8u\hotspot\src\share\vm\prims\jni.cpp, line 712]
Event: 9.305 Thread 0x000001d419ee1000 Exception <a 'java/io/FileNotFoundException'> (0x000000076fcf18b8) thrown at [C:\jenkins\workspace\openjdk-build\jdk8u\hotspot\src\share\vm\prims\jni.cpp, line 712]
Event: 9.305 Thread 0x000001d419ee1000 Exception <a 'java/io/FileNotFoundException'> (0x000000076fcf3c28) thrown at [C:\jenkins\workspace\openjdk-build\jdk8u\hotspot\src\share\vm\prims\jni.cpp, line 712]
Event: 9.305 Thread 0x000001d419ee1000 Exception <a 'java/io/FileNotFoundException'> (0x000000076fcf5dd0) thrown at [C:\jenkins\workspace\openjdk-build\jdk8u\hotspot\src\share\vm\prims\jni.cpp, line 712]
Event: 14.497 Thread 0x000001d419ee1000 Exception <a 'sun/nio/fs/WindowsException'> (0x000000076c389c98) thrown at [C:\jenkins\workspace\openjdk-build\jdk8u\hotspot\src\share\vm\prims\jni.cpp, line 712]
Event: 14.501 Thread 0x000001d419ee1000 Exception <a 'sun/nio/fs/WindowsException'> (0x000000076c38c580) thrown at [C:\jenkins\workspace\openjdk-build\jdk8u\hotspot\src\share\vm\prims\jni.cpp, line 712]
Event: 14.509 Thread 0x000001d419ee1000 Implicit null exception at 0x000001d40025eb96 to 0x000001d40025ef51
Event: 14.509 Thread 0x000001d419ee1000 Exception <a 'java/lang/NoSuchMethodError': fwkLoad> (0x000000076c3a4380) thrown at [C:\jenkins\workspace\openjdk-build\jdk8u\hotspot\src\share\vm\prims\jni.cpp, line 1585]
Event: 14.509 Thread 0x000001d419ee1000 Exception <a 'java/lang/NoClassDefFoundError': com/sun/webkit/network/URLLoaderBase> (0x000000076c3b6a38) thrown at [C:\jenkins\workspace\openjdk-build\jdk8u\hotspot\src\share\vm\classfile\systemDictionary.cpp, line 206]
Event: 14.509 Thread 0x000001d419ee1000 Exception <a 'java/lang/NoSuchMethodError': fwkCancel> (0x000000076c3b6e68) thrown at [C:\jenkins\workspace\openjdk-build\jdk8u\hotspot\src\share\vm\prims\jni.cpp, line 1585]

Events (10 events):
Event: 14.509 Thread 0x000001d419ee1000 DEOPT PACKING pc=0x000001d40025ef68 sp=0x0000006cd6af6830
Event: 14.509 Thread 0x000001d419ee1000 DEOPT UNPACKING pc=0x000001d400045583 sp=0x0000006cd6af67c0 mode 2
Event: 14.509 loading class com/sun/webkit/network/URLLoaderBase
Event: 14.509 loading class com/sun/webkit/network/URLLoaderBase done
Event: 14.509 loading class com/sun/webkit/network/FormDataElement
Event: 14.509 loading class com/sun/webkit/network/FormDataElement done
Event: 14.509 loading class com/sun/webkit/network/FormDataElement$ByteArrayElement
Event: 14.509 loading class com/sun/webkit/network/FormDataElement$ByteArrayElement done
Event: 14.509 loading class com/sun/webkit/network/FormDataElement$FileElement
Event: 14.509 loading class com/sun/webkit/network/FormDataElement$FileElement done


Dynamic libraries:
0x00007ff685fb0000 - 0x00007ff685ffd000 	C:\Program Files\Java\openlogic-openjdk-8u422-b05-windows-x64\bin\javaw.exe
0x00007ff92b480000 - 0x00007ff92b6e3000 	C:\WINDOWS\SYSTEM32\ntdll.dll
0x00007ff92a900000 - 0x00007ff92a9c8000 	C:\WINDOWS\System32\KERNEL32.DLL
0x00007ff928c50000 - 0x00007ff929001000 	C:\WINDOWS\System32\KERNELBASE.dll
0x00007ff9226c0000 - 0x00007ff92275c000 	C:\WINDOWS\SYSTEM32\apphelp.dll
0x00007ff92ad00000 - 0x00007ff92adb4000 	C:\WINDOWS\System32\ADVAPI32.dll
0x00007ff92b0e0000 - 0x00007ff92b189000 	C:\WINDOWS\System32\msvcrt.dll
0x00007ff9297c0000 - 0x00007ff929866000 	C:\WINDOWS\System32\sechost.dll
0x00007ff92abe0000 - 0x00007ff92acf6000 	C:\WINDOWS\System32\RPCRT4.dll
0x00007ff92a9d0000 - 0x00007ff92ab98000 	C:\WINDOWS\System32\USER32.dll
0x00007ff929010000 - 0x00007ff929037000 	C:\WINDOWS\System32\win32u.dll
0x00007ff929d50000 - 0x00007ff929d7a000 	C:\WINDOWS\System32\GDI32.dll
0x00007ff9289d0000 - 0x00007ff928af5000 	C:\WINDOWS\System32\gdi32full.dll
0x00007ff929040000 - 0x00007ff9290e3000 	C:\WINDOWS\System32\msvcp_win.dll
0x00007ff928b00000 - 0x00007ff928c4b000 	C:\WINDOWS\System32\ucrtbase.dll
0x00007ff904080000 - 0x00007ff904310000 	C:\WINDOWS\WinSxS\amd64_microsoft.windows.common-controls_6595b64144ccf1df_6.0.26100.2161_none_3e0cadb0e33078e1\COMCTL32.dll
0x00007ff9292f0000 - 0x00007ff92931f000 	C:\WINDOWS\System32\IMM32.DLL
0x00007ff8e3590000 - 0x00007ff8e35ab000 	C:\Program Files\Java\openlogic-openjdk-8u422-b05-windows-x64\jre\bin\vcruntime140.dll
0x00007ff91c3b0000 - 0x00007ff91c3bc000 	C:\Program Files\Java\openlogic-openjdk-8u422-b05-windows-x64\jre\bin\vcruntime140_1.dll
0x00007ff8bf9b0000 - 0x00007ff8bfa3d000 	C:\Program Files\Java\openlogic-openjdk-8u422-b05-windows-x64\jre\bin\msvcp140.dll
0x0000000065480000 - 0x0000000065d19000 	C:\Program Files\Java\openlogic-openjdk-8u422-b05-windows-x64\jre\bin\server\jvm.dll
0x00007ff92a7e0000 - 0x00007ff92a7e8000 	C:\WINDOWS\System32\PSAPI.DLL
0x00007ff9137e0000 - 0x00007ff913816000 	C:\WINDOWS\SYSTEM32\WINMM.dll
0x00007ff920720000 - 0x00007ff92072a000 	C:\WINDOWS\SYSTEM32\WSOCK32.dll
0x00007ff92a760000 - 0x00007ff92a7d4000 	C:\WINDOWS\System32\WS2_32.dll
0x00007ff918f30000 - 0x00007ff918f3b000 	C:\WINDOWS\SYSTEM32\VERSION.dll
0x00007ff9277d0000 - 0x00007ff9277ea000 	C:\WINDOWS\SYSTEM32\kernel.appcore.dll
0x00007ff91a810000 - 0x00007ff91a820000 	C:\Program Files\Java\openlogic-openjdk-8u422-b05-windows-x64\jre\bin\verify.dll
0x00007ff8e3390000 - 0x00007ff8e33bb000 	C:\Program Files\Java\openlogic-openjdk-8u422-b05-windows-x64\jre\bin\java.dll
0x00007ff8e3370000 - 0x00007ff8e3388000 	C:\Program Files\Java\openlogic-openjdk-8u422-b05-windows-x64\jre\bin\zip.dll
0x00007ff929d80000 - 0x00007ff92a47f000 	C:\WINDOWS\System32\SHELL32.dll
0x00007ff9265b0000 - 0x00007ff926ddd000 	C:\WINDOWS\SYSTEM32\windows.storage.dll
0x00007ff9299d0000 - 0x00007ff929d4d000 	C:\WINDOWS\System32\combase.dll
0x00007ff92b360000 - 0x00007ff92b433000 	C:\WINDOWS\System32\SHCORE.dll
0x00007ff92a700000 - 0x00007ff92a75d000 	C:\WINDOWS\System32\shlwapi.dll
0x00007ff928780000 - 0x00007ff9287ae000 	C:\WINDOWS\SYSTEM32\profapi.dll
0x000001d47c690000 - 0x000001d47c693000 	C:\Program Files\Java\openlogic-openjdk-8u422-b05-windows-x64\jre\bin\api-ms-win-core-console-l1-1-0.dll
0x000001d47c6a0000 - 0x000001d47c6a3000 	C:\Program Files\Java\openlogic-openjdk-8u422-b05-windows-x64\jre\bin\api-ms-win-core-datetime-l1-1-0.dll
0x000001d47c6b0000 - 0x000001d47c6b3000 	C:\Program Files\Java\openlogic-openjdk-8u422-b05-windows-x64\jre\bin\api-ms-win-core-debug-l1-1-0.dll
0x000001d47c6c0000 - 0x000001d47c6c3000 	C:\Program Files\Java\openlogic-openjdk-8u422-b05-windows-x64\jre\bin\api-ms-win-core-errorhandling-l1-1-0.dll
0x000001d47c6d0000 - 0x000001d47c6d4000 	C:\Program Files\Java\openlogic-openjdk-8u422-b05-windows-x64\jre\bin\api-ms-win-core-file-l1-1-0.dll
0x000001d47c6e0000 - 0x000001d47c6e3000 	C:\Program Files\Java\openlogic-openjdk-8u422-b05-windows-x64\jre\bin\api-ms-win-core-file-l1-2-0.dll
0x000001d47c6f0000 - 0x000001d47c6f3000 	C:\Program Files\Java\openlogic-openjdk-8u422-b05-windows-x64\jre\bin\api-ms-win-core-file-l2-1-0.dll
0x000001d47c700000 - 0x000001d47c703000 	C:\Program Files\Java\openlogic-openjdk-8u422-b05-windows-x64\jre\bin\api-ms-win-core-handle-l1-1-0.dll
0x000001d47c710000 - 0x000001d47c713000 	C:\Program Files\Java\openlogic-openjdk-8u422-b05-windows-x64\jre\bin\api-ms-win-core-heap-l1-1-0.dll
0x000001d47dfd0000 - 0x000001d47dfd3000 	C:\Program Files\Java\openlogic-openjdk-8u422-b05-windows-x64\jre\bin\api-ms-win-core-interlocked-l1-1-0.dll
0x000001d47dfe0000 - 0x000001d47dfe3000 	C:\Program Files\Java\openlogic-openjdk-8u422-b05-windows-x64\jre\bin\api-ms-win-core-libraryloader-l1-1-0.dll
0x000001d47dff0000 - 0x000001d47dff3000 	C:\Program Files\Java\openlogic-openjdk-8u422-b05-windows-x64\jre\bin\api-ms-win-core-localization-l1-2-0.dll
0x000001d47e000000 - 0x000001d47e003000 	C:\Program Files\Java\openlogic-openjdk-8u422-b05-windows-x64\jre\bin\api-ms-win-core-memory-l1-1-0.dll
0x000001d47e010000 - 0x000001d47e013000 	C:\Program Files\Java\openlogic-openjdk-8u422-b05-windows-x64\jre\bin\api-ms-win-core-namedpipe-l1-1-0.dll
0x000001d47ff30000 - 0x000001d47ff33000 	C:\Program Files\Java\openlogic-openjdk-8u422-b05-windows-x64\jre\bin\api-ms-win-core-processenvironment-l1-1-0.dll
0x000001d47ff40000 - 0x000001d47ff43000 	C:\Program Files\Java\openlogic-openjdk-8u422-b05-windows-x64\jre\bin\api-ms-win-core-processthreads-l1-1-0.dll
0x000001d47ff50000 - 0x000001d47ff53000 	C:\Program Files\Java\openlogic-openjdk-8u422-b05-windows-x64\jre\bin\api-ms-win-core-processthreads-l1-1-1.dll
0x000001d47ff60000 - 0x000001d47ff63000 	C:\Program Files\Java\openlogic-openjdk-8u422-b05-windows-x64\jre\bin\api-ms-win-core-profile-l1-1-0.dll
0x000001d47ff70000 - 0x000001d47ff73000 	C:\Program Files\Java\openlogic-openjdk-8u422-b05-windows-x64\jre\bin\api-ms-win-core-rtlsupport-l1-1-0.dll
0x000001d47ff80000 - 0x000001d47ff83000 	C:\Program Files\Java\openlogic-openjdk-8u422-b05-windows-x64\jre\bin\api-ms-win-core-string-l1-1-0.dll
0x000001d47ff90000 - 0x000001d47ff93000 	C:\Program Files\Java\openlogic-openjdk-8u422-b05-windows-x64\jre\bin\api-ms-win-core-synch-l1-1-0.dll
0x000001d47ffa0000 - 0x000001d47ffa3000 	C:\Program Files\Java\openlogic-openjdk-8u422-b05-windows-x64\jre\bin\api-ms-win-core-synch-l1-2-0.dll
0x000001d47ffb0000 - 0x000001d47ffb3000 	C:\Program Files\Java\openlogic-openjdk-8u422-b05-windows-x64\jre\bin\api-ms-win-core-sysinfo-l1-1-0.dll
0x000001d47ffc0000 - 0x000001d47ffc3000 	C:\Program Files\Java\openlogic-openjdk-8u422-b05-windows-x64\jre\bin\api-ms-win-core-timezone-l1-1-0.dll
0x000001d47ffd0000 - 0x000001d47ffd3000 	C:\Program Files\Java\openlogic-openjdk-8u422-b05-windows-x64\jre\bin\api-ms-win-core-util-l1-1-0.dll
0x000001d47ffe0000 - 0x000001d47ffe3000 	C:\Program Files\Java\openlogic-openjdk-8u422-b05-windows-x64\jre\bin\api-ms-win-crt-conio-l1-1-0.dll
0x000001d47fff0000 - 0x000001d47fff4000 	C:\Program Files\Java\openlogic-openjdk-8u422-b05-windows-x64\jre\bin\api-ms-win-crt-convert-l1-1-0.dll
0x000001d419990000 - 0x000001d419993000 	C:\Program Files\Java\openlogic-openjdk-8u422-b05-windows-x64\jre\bin\api-ms-win-crt-environment-l1-1-0.dll
0x000001d4199a0000 - 0x000001d4199a3000 	C:\Program Files\Java\openlogic-openjdk-8u422-b05-windows-x64\jre\bin\api-ms-win-crt-filesystem-l1-1-0.dll
0x000001d4199b0000 - 0x000001d4199b3000 	C:\Program Files\Java\openlogic-openjdk-8u422-b05-windows-x64\jre\bin\api-ms-win-crt-heap-l1-1-0.dll
0x000001d4199c0000 - 0x000001d4199c3000 	C:\Program Files\Java\openlogic-openjdk-8u422-b05-windows-x64\jre\bin\api-ms-win-crt-locale-l1-1-0.dll
0x000001d4199d0000 - 0x000001d4199d5000 	C:\Program Files\Java\openlogic-openjdk-8u422-b05-windows-x64\jre\bin\api-ms-win-crt-math-l1-1-0.dll
0x000001d4199e0000 - 0x000001d4199e5000 	C:\Program Files\Java\openlogic-openjdk-8u422-b05-windows-x64\jre\bin\api-ms-win-crt-multibyte-l1-1-0.dll
0x000001d4199f0000 - 0x000001d4199ff000 	C:\Program Files\Java\openlogic-openjdk-8u422-b05-windows-x64\jre\bin\api-ms-win-crt-private-l1-1-0.dll
0x000001d419a00000 - 0x000001d419a03000 	C:\Program Files\Java\openlogic-openjdk-8u422-b05-windows-x64\jre\bin\api-ms-win-crt-process-l1-1-0.dll
0x000001d419a10000 - 0x000001d419a14000 	C:\Program Files\Java\openlogic-openjdk-8u422-b05-windows-x64\jre\bin\api-ms-win-crt-runtime-l1-1-0.dll
0x000001d419a20000 - 0x000001d419a24000 	C:\Program Files\Java\openlogic-openjdk-8u422-b05-windows-x64\jre\bin\api-ms-win-crt-stdio-l1-1-0.dll
0x000001d419a30000 - 0x000001d419a34000 	C:\Program Files\Java\openlogic-openjdk-8u422-b05-windows-x64\jre\bin\api-ms-win-crt-string-l1-1-0.dll
0x000001d419a40000 - 0x000001d419a43000 	C:\Program Files\Java\openlogic-openjdk-8u422-b05-windows-x64\jre\bin\api-ms-win-crt-time-l1-1-0.dll
0x000001d419a50000 - 0x000001d419a53000 	C:\Program Files\Java\openlogic-openjdk-8u422-b05-windows-x64\jre\bin\api-ms-win-crt-utility-l1-1-0.dll
0x00007ff8873f0000 - 0x00007ff8874e2000 	C:\Program Files\Java\openlogic-openjdk-8u422-b05-windows-x64\jre\bin\ucrtbase.dll
0x00007ff8b8940000 - 0x00007ff8b898d000 	C:\Windows\System32\concrt140.dll
0x00007ff8cffd0000 - 0x00007ff8cfff3000 	C:\Program Files\Java\openlogic-openjdk-8u422-b05-windows-x64\jre\bin\prism_d3d.dll
0x00007ff8e9520000 - 0x00007ff8e96c6000 	C:\WINDOWS\system32\d3d9.dll
0x00007ff9259f0000 - 0x00007ff925a1e000 	C:\WINDOWS\SYSTEM32\dwmapi.dll
0x00007ff925a60000 - 0x00007ff925aa5000 	C:\WINDOWS\SYSTEM32\dxcore.dll
0x00007ff925310000 - 0x00007ff9253bd000 	C:\WINDOWS\system32\uxtheme.dll
0x00007ff8ae920000 - 0x00007ff8ae9db000 	C:\WINDOWS\SYSTEM32\d3d9on12.dll
0x00007ff919a40000 - 0x00007ff919a63000 	C:\WINDOWS\SYSTEM32\d3d12.dll
0x00007ff9258a0000 - 0x00007ff9259cb000 	C:\WINDOWS\SYSTEM32\dxgi.dll
0x00007ff925820000 - 0x00007ff92587c000 	C:\WINDOWS\SYSTEM32\directxdatabasehelper.dll
0x00007ff928510000 - 0x00007ff92856f000 	C:\WINDOWS\SYSTEM32\cfgmgr32.dll
0x00007ff928930000 - 0x00007ff9289c9000 	C:\WINDOWS\System32\bcryptPrimitives.dll
0x00007ff8ae6a0000 - 0x00007ff8ae916000 	C:\WINDOWS\SYSTEM32\D3D12Core.dll
0x00007ff8aec70000 - 0x00007ff8aec97000 	C:\WINDOWS\System32\DriverStore\FileRepository\iigd_dch.inf_amd64_2c21aacb05120ae0\igd12umd64.dll
0x00007ff8ad9d0000 - 0x00007ff8ae695000 	C:\WINDOWS\System32\DriverStore\FileRepository\iigd_dch.inf_amd64_2c21aacb05120ae0\igd12um64xel.dll
0x00007ff929170000 - 0x00007ff9292e6000 	C:\WINDOWS\System32\CRYPT32.dll
0x00007ff92ae00000 - 0x00007ff92af99000 	C:\WINDOWS\System32\ole32.dll
0x00007ff9281b0000 - 0x00007ff9281d6000 	C:\WINDOWS\SYSTEM32\bcrypt.dll
0x00007ff8eadb0000 - 0x00007ff8eadf3000 	C:\WINDOWS\SYSTEM32\ControlLib.dll
0x00007ff929330000 - 0x00007ff9297b5000 	C:\WINDOWS\System32\SETUPAPI.dll
0x00007ff9284e0000 - 0x00007ff92850d000 	C:\WINDOWS\SYSTEM32\DEVOBJ.dll
0x00007ff915ea0000 - 0x00007ff915f1b000 	C:\WINDOWS\System32\DriverStore\FileRepository\iigd_dch.inf_amd64_2c21aacb05120ae0\IntelControlLib.dll
0x00007ff9290f0000 - 0x00007ff92916a000 	C:\WINDOWS\System32\WINTRUST.dll
0x00007ff927fe0000 - 0x00007ff927ff3000 	C:\WINDOWS\SYSTEM32\MSASN1.dll
0x00007ff90c690000 - 0x00007ff90caa7000 	C:\WINDOWS\System32\DriverStore\FileRepository\iigd_dch.inf_amd64_2c21aacb05120ae0\igdgmm64.dll
0x00007ff907f90000 - 0x00007ff90c555000 	C:\WINDOWS\System32\DriverStore\FileRepository\iigd_dch.inf_amd64_2c21aacb05120ae0\igc64.dll
0x00007ff8ad990000 - 0x00007ff8ad9be000 	C:\WINDOWS\SYSTEM32\D3DSCache.dll
0x00007ff927d70000 - 0x00007ff927d9b000 	C:\WINDOWS\SYSTEM32\USERENV.dll
0x00007ff8ac5d0000 - 0x00007ff8ad98e000 	C:\WINDOWS\System32\DriverStore\FileRepository\iigd_dch.inf_amd64_2c21aacb05120ae0\igd12dxva64.dll
0x00007ff929870000 - 0x00007ff929946000 	C:\WINDOWS\System32\OLEAUT32.dll
0x00007ff8aa860000 - 0x00007ff8ac5c8000 	C:\WINDOWS\System32\DriverStore\FileRepository\iigd_dch.inf_amd64_2c21aacb05120ae0\media_bin_64.dll
0x00007ff8aa830000 - 0x00007ff8aa857000 	C:\WINDOWS\System32\DriverStore\FileRepository\iigd_dch.inf_amd64_2c21aacb05120ae0\igdinfo64.dll
0x00007ff906120000 - 0x00007ff906357000 	C:\WINDOWS\SYSTEM32\twinapi.appcore.dll
0x00007ff898620000 - 0x00007ff898662000 	C:\Program Files\Java\openlogic-openjdk-8u422-b05-windows-x64\jre\bin\glass.dll
0x00007ff92aff0000 - 0x00007ff92b0dd000 	C:\WINDOWS\System32\COMDLG32.dll
0x00007ff92a490000 - 0x00007ff92a5eb000 	C:\WINDOWS\System32\MSCTF.dll
0x00007ff8d9810000 - 0x00007ff8d9824000 	C:\Program Files\Java\openlogic-openjdk-8u422-b05-windows-x64\jre\bin\javafx_font.dll
0x00007ff921350000 - 0x00007ff9215b5000 	C:\WINDOWS\SYSTEM32\dwrite.dll
0x00007ff92a850000 - 0x00007ff92a8f8000 	C:\WINDOWS\System32\clbcatq.dll
0x00007ff9250a0000 - 0x00007ff9252ca000 	C:\WINDOWS\SYSTEM32\WindowsCodecs.dll
0x00007ff8d8b00000 - 0x00007ff8d8b5a000 	C:\WINDOWS\system32\dataexchange.dll
0x00007ff8d7a70000 - 0x00007ff8d7a9c000 	C:\Program Files\Common Files\Microsoft Shared\Ink\rtscom.dll
0x00007ff9133a0000 - 0x00007ff9134e5000 	C:\WINDOWS\SYSTEM32\textinputframework.dll
0x00007ff922040000 - 0x00007ff922165000 	C:\WINDOWS\SYSTEM32\CoreMessaging.dll
0x00007ff9134f0000 - 0x00007ff9137d3000 	C:\WINDOWS\SYSTEM32\CoreUIComponents.dll
0x00007ff923ea0000 - 0x00007ff924008000 	C:\WINDOWS\SYSTEM32\wintypes.dll
0x00007ff927f90000 - 0x00007ff927f9c000 	C:\WINDOWS\SYSTEM32\CRYPTBASE.DLL
0x00007ff8ce3f0000 - 0x00007ff8ce401000 	C:\Program Files\Java\openlogic-openjdk-8u422-b05-windows-x64\jre\bin\prism_common.dll
0x00007ff8578e0000 - 0x00007ff85c578000 	C:\Program Files\Java\javafx-sdk-22.0.2\bin\jfxwebkit.dll
0x00007ff8985d0000 - 0x00007ff898611000 	C:\WINDOWS\SYSTEM32\MSVCP140_2.dll
0x00007ff927f70000 - 0x00007ff927f8c000 	C:\WINDOWS\SYSTEM32\CRYPTSP.dll

VM Arguments:
jvm_args: -Dfile.encoding=UTF-8 -Dstdout.encoding=UTF-8 -Dstderr.encoding=UTF-8 
java_command: application.Main
java_class_path (initial): C:\eclipse\Cloud_Storage_Management\bin;C:\Users\Acer\.p2\pool\plugins\org.eclipse.fx.ide.css.jfx8_3.10.0.202303150700.jar;C:\Program Files\Java\jfoenix-8.0.10.jar
Launcher Type: SUN_STANDARD

Environment Variables:
PATH=C:\Python312\Scripts\;C:\Python312\;C:\Program Files\Common Files\Oracle\Java\javapath;C:\Program Files (x86)\Common Files\Oracle\Java\java8path;C:\Program Files (x86)\Common Files\Oracle\Java\javapath;C:\Windows\system32;C:\Windows;C:\Windows\System32\Wbem;C:\Windows\System32\WindowsPowerShell\v1.0\;C:\Windows\System32\OpenSSH\;C:\Program Files (x86)\NVIDIA Corporation\PhysX\Common;C:\ProgramData\chocolatey\bin;C:\Program Files\dotnet\;C:\MinGW\bin;C:\Program Files\Java\jdk-22\bin;;C:\WINDOWS\system32;C:\WINDOWS;C:\WINDOWS\System32\Wbem;C:\WINDOWS\System32\WindowsPowerShell\v1.0\;C:\WINDOWS\System32\OpenSSH\;C:\Users\Acer\AppData\Local\Programs\Microsoft VS Code\bin;D:\IntelliJ IDEA 2024.2.1\bin;C:\Program Files\JetBrains\IntelliJ IDEA Community Edition 2024.2.1\bin;C:\Program Files\Java\javafx-sdk-22.0.2\bin;C:\Users\Acer\AppData\Local\Microsoft\WindowsApps
USERNAME=Ashish
OS=Windows_NT
PROCESSOR_IDENTIFIER=Intel64 Family 6 Model 186 Stepping 2, GenuineIntel



---------------  S Y S T E M  ---------------

OS: Windows 11 , 64 bit Build 26100 (10.0.26100.2161)

CPU:total 12 (initial active 12) (6 cores per cpu, 2 threads per core) family 6 model 186 stepping 2, cmov, cx8, fxsr, mmx, sse, sse2, sse3, ssse3, sse4.1, sse4.2, popcnt, avx, avx2, aes, clmul, erms, 3dnowpref, lzcnt, ht, tsc, tscinvbit, bmi1, bmi2, adx

Memory: 4k page, physical 16473976k(4822212k free), swap 19619704k(2028432k free)

vm_info: OpenJDK 64-Bit Server VM (25.422-b05) for windows-amd64 JRE (1.8.0_422-422-b05), built on Jul 18 2024 05:34:18 by "Administrator" with MS VC++ 16.10 / 16.11 (VS2019)

time: Wed Oct 30 17:01:57 2024
timezone: India Standard Time
elapsed time: 14.772403 seconds (0d 0h 0m 14s)

